Unity Editor version:    2021.3.9f1 (ad3870b89536)
Branch:                  2021.3/staging
Build type:              Release
Batch mode:              YES
macOS version:           Version 12.5.1 (Build 21G83)
Darwin version:          21.6.0
Architecture:            arm64
Running under Rosetta:   NO
Available memory:        16384 MB
Using pre-set license
Pro License: YES

COMMAND LINE ARGUMENTS:
/Applications/Unity/Hub/Editor/2021.3.9f1/Unity.app/Contents/MacOS/Unity
-adb2
-batchMode
-noUpm
-name
AssetImportWorker0
-projectPath
/Users/choijoohee/Desktop/SSAFY/특화프로젝트/Hugging
-logFile
Logs/AssetImportWorker0.log
-srvPort
51455
Successfully changed project path to: /Users/choijoohee/Desktop/SSAFY/특화프로젝트/Hugging
/Users/choijoohee/Desktop/SSAFY/특화프로젝트/Hugging
[UnityMemory] Configuration Parameters - Can be set up in boot.config
    "memorysetup-bucket-allocator-granularity=16"
    "memorysetup-bucket-allocator-bucket-count=8"
    "memorysetup-bucket-allocator-block-size=33554432"
    "memorysetup-bucket-allocator-block-count=8"
    "memorysetup-main-allocator-block-size=16777216"
    "memorysetup-thread-allocator-block-size=16777216"
    "memorysetup-gfx-main-allocator-block-size=16777216"
    "memorysetup-gfx-thread-allocator-block-size=16777216"
    "memorysetup-cache-allocator-block-size=4194304"
    "memorysetup-typetree-allocator-block-size=2097152"
    "memorysetup-profiler-bucket-allocator-granularity=16"
    "memorysetup-profiler-bucket-allocator-bucket-count=8"
    "memorysetup-profiler-bucket-allocator-block-size=33554432"
    "memorysetup-profiler-bucket-allocator-block-count=8"
    "memorysetup-profiler-allocator-block-size=16777216"
    "memorysetup-profiler-editor-allocator-block-size=1048576"
    "memorysetup-temp-allocator-size-main=16777216"
    "memorysetup-job-temp-allocator-block-size=2097152"
    "memorysetup-job-temp-allocator-block-size-background=1048576"
    "memorysetup-job-temp-allocator-reduction-small-platforms=262144"
    "memorysetup-temp-allocator-size-background-worker=32768"
    "memorysetup-temp-allocator-size-job-worker=262144"
    "memorysetup-temp-allocator-size-preload-manager=33554432"
    "memorysetup-temp-allocator-size-nav-mesh-worker=65536"
    "memorysetup-temp-allocator-size-audio-worker=65536"
    "memorysetup-temp-allocator-size-cloud-worker=32768"
    "memorysetup-temp-allocator-size-gi-baking-worker=262144"
    "memorysetup-temp-allocator-size-gfx=262144"
Refreshing native plugins compatible for Editor in 198.21 ms, found 2 plugins.
Preloading 0 native plugins for Editor in 0.00 ms.
Initialize engine version: 2021.3.9f1 (ad3870b89536)
[Subsystems] Discovering subsystems at path /Applications/Unity/Hub/Editor/2021.3.9f1/Unity.app/Contents/Resources/UnitySubsystems
[Subsystems] Discovering subsystems at path /Users/choijoohee/Desktop/SSAFY/특화프로젝트/Hugging/Assets
GfxDevice: creating device client; threaded=0; jobified=0
 preferred device: Apple M1 (high power)
Metal devices available: 1
0: Apple M1 (high power)
Using device Apple M1 (high power)
Initializing Metal device caps: Apple M1
Initialize mono
Mono path[0] = '/Applications/Unity/Hub/Editor/2021.3.9f1/Unity.app/Contents/Managed'
Mono path[1] = '/Applications/Unity/Hub/Editor/2021.3.9f1/Unity.app/Contents/MonoBleedingEdge/lib/mono/unityjit-macos'
Mono config path = '/Applications/Unity/Hub/Editor/2021.3.9f1/Unity.app/Contents/MonoBleedingEdge/etc'
Using monoOptions --debugger-agent=transport=dt_socket,embedding=1,server=y,suspend=n,address=127.0.0.1:56891
Begin MonoManager ReloadAssembly
Registering precompiled unity dll's ...
Register platform support module: /Applications/Unity/Hub/Editor/2021.3.9f1/PlaybackEngines/WebGLSupport/UnityEditor.WebGL.Extensions.dll
Register platform support module: /Applications/Unity/Hub/Editor/2021.3.9f1/Unity.app/Contents/PlaybackEngines/MacStandaloneSupport/UnityEditor.OSXStandalone.Extensions.dll
Register platform support module: /Applications/Unity/Hub/Editor/2021.3.9f1/PlaybackEngines/AndroidPlayer/UnityEditor.Android.Extensions.dll
Registered in 0.001275 seconds.
Native extension for Android target not found
Native extension for OSXStandalone target not found
Native extension for WebGL target not found
Refreshing native plugins compatible for Editor in 214.94 ms, found 2 plugins.
Preloading 0 native plugins for Editor in 0.00 ms.
Mono: successfully reloaded assembly
- Completed reload, in  1.063 seconds
Domain Reload Profiling:
	ReloadAssembly (1063ms)
		BeginReloadAssembly (75ms)
			ExecutionOrderSort (0ms)
			DisableScriptedObjects (0ms)
			BackupInstance (0ms)
			ReleaseScriptingObjects (0ms)
			CreateAndSetChildDomain (1ms)
		EndReloadAssembly (830ms)
			LoadAssemblies (74ms)
			RebuildTransferFunctionScriptingTraits (0ms)
			SetupTypeCache (195ms)
			ReleaseScriptCaches (0ms)
			RebuildScriptCaches (59ms)
			SetupLoadedEditorAssemblies (491ms)
				LogAssemblyErrors (0ms)
				InitializePlatformSupportModulesInManaged (69ms)
				SetLoadedEditorAssemblies (0ms)
				RefreshPlugins (215ms)
				BeforeProcessingInitializeOnLoad (2ms)
				ProcessInitializeOnLoadAttributes (151ms)
				ProcessInitializeOnLoadMethodAttributes (54ms)
				AfterProcessingInitializeOnLoad (0ms)
				EditorAssembliesLoaded (0ms)
			ExecutionOrderSort2 (0ms)
			AwakeInstancesAfterBackupRestoration (0ms)
Platform modules already initialized, skipping
Registering precompiled user dll's ...
Registered in 0.003804 seconds.
Begin MonoManager ReloadAssembly
Symbol file LoadedFromMemory doesn't match image /Users/choijoohee/Desktop/SSAFY/특화프로젝트/Hugging/Library/PackageCache/com.unity.visualscripting@1.7.8/Editor/VisualScripting.Core/Dependencies/YamlDotNet/Unity.VisualScripting.YamlDotNet.dll
Symbol file LoadedFromMemory doesn't match image /Users/choijoohee/Desktop/SSAFY/특화프로젝트/Hugging/Library/PackageCache/com.unity.visualscripting@1.7.8/Editor/VisualScripting.Core/Dependencies/DotNetZip/Unity.VisualScripting.IonicZip.dll
Native extension for Android target not found
Native extension for OSXStandalone target not found
Native extension for WebGL target not found
Refreshing native plugins compatible for Editor in 0.85 ms, found 2 plugins.
Preloading 0 native plugins for Editor in 0.00 ms.
Mono: successfully reloaded assembly
- Completed reload, in  1.574 seconds
Domain Reload Profiling:
	ReloadAssembly (1575ms)
		BeginReloadAssembly (139ms)
			ExecutionOrderSort (0ms)
			DisableScriptedObjects (8ms)
			BackupInstance (0ms)
			ReleaseScriptingObjects (0ms)
			CreateAndSetChildDomain (30ms)
		EndReloadAssembly (1249ms)
			LoadAssemblies (79ms)
			RebuildTransferFunctionScriptingTraits (0ms)
			SetupTypeCache (459ms)
			ReleaseScriptCaches (1ms)
			RebuildScriptCaches (83ms)
			SetupLoadedEditorAssemblies (569ms)
				LogAssemblyErrors (0ms)
				InitializePlatformSupportModulesInManaged (15ms)
				SetLoadedEditorAssemblies (1ms)
				RefreshPlugins (1ms)
				BeforeProcessingInitializeOnLoad (147ms)
				ProcessInitializeOnLoadAttributes (366ms)
				ProcessInitializeOnLoadMethodAttributes (38ms)
				AfterProcessingInitializeOnLoad (1ms)
				EditorAssembliesLoaded (0ms)
			ExecutionOrderSort2 (0ms)
			AwakeInstancesAfterBackupRestoration (4ms)
Platform modules already initialized, skipping
========================================================================
Worker process is ready to serve import requests
Launching external process: /Applications/Unity/Hub/Editor/2021.3.9f1/Unity.app/Contents/Tools/UnityShaderCompiler
Launched and connected shader compiler UnityShaderCompiler after 0.13 seconds
Refreshing native plugins compatible for Editor in 0.76 ms, found 2 plugins.
Preloading 0 native plugins for Editor in 0.00 ms.
Unloading 3606 Unused Serialized files (Serialized files now loaded: 0)
Unloading 33 unused Assets / (94.6 KB). Loaded Objects now: 4061.
Memory consumption went from 245.8 MB to 245.7 MB.
Total: 5.284917 ms (FindLiveObjects: 0.210000 ms CreateObjectMapping: 0.116458 ms MarkObjects: 4.822250 ms  DeleteObjects: 0.134917 ms)

AssetImportParameters requested are different than current active one (requested -> active):
  custom:video-decoder-ogg-theora: a1e56fd34408186e4bbccfd4996cb3dc -> 
  custom:container-muxer-webm: aa71ff27fc2769a1b78a27578f13a17b -> 
  custom:container-demuxer-webm: 4f35f7cbe854078d1ac9338744f61a02 -> 
  custom:video-encoder-webm-vp8: eb34c28f22e8b96e1ab97ce403110664 -> 
  custom:framework-osx-AVFoundation: e770b220cccbd017edd2c1fefb359320 -> 
  custom:audio-encoder-webm-vorbis: bf7c407c2cedff20999df2af8eb42d56 -> 
  custom:container-demuxer-ogg: 62fdf1f143b41e24485cea50d1cbac27 -> 
  custom:video-decoder-webm-vp8: 9c59270c3fd7afecdb556c50c9e8de78 -> 
  custom:audio-decoder-ogg-vorbis: bf7c407c2cedff20999df2af8eb42d56 -> 
========================================================================
Received Import Request.
  Time since last request: 10973.542904 seconds.
  path: Assets/Resources/table1 (7).prefab
  artifactKey: Guid(3378f03a7aed3437c8d3a1e9f41d1dfc) Importer(815301076,1909f56bfc062723c751e8b465ee728b)
Start importing Assets/Resources/table1 (7).prefab using Guid(3378f03a7aed3437c8d3a1e9f41d1dfc) Importer(815301076,1909f56bfc062723c751e8b465ee728b)  -> (artifact id: '7c8c5bb95970ddc6dfb2ce1809a0bb69') in 0.188059 seconds 
========================================================================
Received Import Request.
  Time since last request: 0.000112 seconds.
  path: Assets/Resources/table1 (9).prefab
  artifactKey: Guid(700f0807278464f9bb6ccc98e78f983d) Importer(815301076,1909f56bfc062723c751e8b465ee728b)
Start importing Assets/Resources/table1 (9).prefab using Guid(700f0807278464f9bb6ccc98e78f983d) Importer(815301076,1909f56bfc062723c751e8b465ee728b)  -> (artifact id: 'cacf44e0c0f017791b29b32e87cf37d7') in 0.010037 seconds 
========================================================================
Received Import Request.
  Time since last request: 0.000071 seconds.
  path: Assets/Resources/table1 (5).prefab
  artifactKey: Guid(25d5c598078fa48e09bcf6dbf0cfdd0d) Importer(815301076,1909f56bfc062723c751e8b465ee728b)
Start importing Assets/Resources/table1 (5).prefab using Guid(25d5c598078fa48e09bcf6dbf0cfdd0d) Importer(815301076,1909f56bfc062723c751e8b465ee728b)  -> (artifact id: '6933ed6bffe0330b7140377f737b10d4') in 0.010604 seconds 
========================================================================
Received Import Request.
  Time since last request: 0.000081 seconds.
  path: Assets/Resources/wall001 (19).prefab
  artifactKey: Guid(2c4afbc7337d14c1db84e9f75c7481dd) Importer(815301076,1909f56bfc062723c751e8b465ee728b)
Start importing Assets/Resources/wall001 (19).prefab using Guid(2c4afbc7337d14c1db84e9f75c7481dd) Importer(815301076,1909f56bfc062723c751e8b465ee728b)  -> (artifact id: 'c0b68912520ec033ee59b76973faec2f') in 0.010359 seconds 
========================================================================
Received Import Request.
  Time since last request: 0.000077 seconds.
  path: Assets/Resources/wall4 (9).prefab
  artifactKey: Guid(9b01d89346903459eb2d057411b1fce2) Importer(815301076,1909f56bfc062723c751e8b465ee728b)
Start importing Assets/Resources/wall4 (9).prefab using Guid(9b01d89346903459eb2d057411b1fce2) Importer(815301076,1909f56bfc062723c751e8b465ee728b)  -> (artifact id: 'bd3bf960c9332e909419ad2610f81432') in 0.008868 seconds 
========================================================================
Received Import Request.
  Time since last request: 0.000068 seconds.
  path: Assets/Resources/table3 (2).prefab
  artifactKey: Guid(bbab402d2b5414994a573d817096b73b) Importer(815301076,1909f56bfc062723c751e8b465ee728b)
Start importing Assets/Resources/table3 (2).prefab using Guid(bbab402d2b5414994a573d817096b73b) Importer(815301076,1909f56bfc062723c751e8b465ee728b)  -> (artifact id: '179908c2f8a5b5670d38075af2d622f1') in 0.012221 seconds 
========================================================================
Received Import Request.
  Time since last request: 0.000082 seconds.
  path: Assets/Resources/wall2 (18).prefab
  artifactKey: Guid(fef422b82d51a46a88c336f4d419026f) Importer(815301076,1909f56bfc062723c751e8b465ee728b)
Start importing Assets/Resources/wall2 (18).prefab using Guid(fef422b82d51a46a88c336f4d419026f) Importer(815301076,1909f56bfc062723c751e8b465ee728b)  -> (artifact id: 'f72fdb75291a81438d5d6f6217f60fc2') in 0.009100 seconds 
========================================================================
Received Import Request.
  Time since last request: 0.000076 seconds.
  path: Assets/Resources/table1 (6).prefab
  artifactKey: Guid(84cd093bfffe744df847e90e68d5da17) Importer(815301076,1909f56bfc062723c751e8b465ee728b)
Start importing Assets/Resources/table1 (6).prefab using Guid(84cd093bfffe744df847e90e68d5da17) Importer(815301076,1909f56bfc062723c751e8b465ee728b)  -> (artifact id: '76cd5ef532d4f11c3826cb6f2df4fb1b') in 0.009850 seconds 
========================================================================
Received Import Request.
  Time since last request: 0.000083 seconds.
  path: Assets/Resources/locker_4.prefab
  artifactKey: Guid(d6bf1cdb37b384808acce97a7750b8f0) Importer(815301076,1909f56bfc062723c751e8b465ee728b)
Start importing Assets/Resources/locker_4.prefab using Guid(d6bf1cdb37b384808acce97a7750b8f0) Importer(815301076,1909f56bfc062723c751e8b465ee728b)  -> (artifact id: 'ba0ad81bd972931abaf6391b73690c61') in 0.009456 seconds 
========================================================================
Received Import Request.
  Time since last request: 0.000072 seconds.
  path: Assets/Resources/table1 (3).prefab
  artifactKey: Guid(35ad7fba2aaa543a5a6d7df2f428dc70) Importer(815301076,1909f56bfc062723c751e8b465ee728b)
Start importing Assets/Resources/table1 (3).prefab using Guid(35ad7fba2aaa543a5a6d7df2f428dc70) Importer(815301076,1909f56bfc062723c751e8b465ee728b)  -> (artifact id: '02319243073b8f1c8d17e5831eca7020') in 0.010376 seconds 
========================================================================
Received Import Request.
  Time since last request: 0.000081 seconds.
  path: Assets/Resources/table1 (8).prefab
  artifactKey: Guid(7518524184aa949f2a87508717039644) Importer(815301076,1909f56bfc062723c751e8b465ee728b)
Start importing Assets/Resources/table1 (8).prefab using Guid(7518524184aa949f2a87508717039644) Importer(815301076,1909f56bfc062723c751e8b465ee728b)  -> (artifact id: 'c7b6c59c815f45f711aea42a43a97119') in 0.010078 seconds 
========================================================================
Received Import Request.
  Time since last request: 0.000084 seconds.
  path: Assets/Resources/wall001 (16).prefab
  artifactKey: Guid(6ec441e23e156428ebfb3f19de042a44) Importer(815301076,1909f56bfc062723c751e8b465ee728b)
Start importing Assets/Resources/wall001 (16).prefab using Guid(6ec441e23e156428ebfb3f19de042a44) Importer(815301076,1909f56bfc062723c751e8b465ee728b)  -> (artifact id: '4543d1533472ad066d5766903a1321df') in 0.010597 seconds 
========================================================================
Received Import Request.
  Time since last request: 0.000073 seconds.
  path: Assets/Resources/wall2 (30).prefab
  artifactKey: Guid(8c6373632f14b4098932c1e5bff4a435) Importer(815301076,1909f56bfc062723c751e8b465ee728b)
Start importing Assets/Resources/wall2 (30).prefab using Guid(8c6373632f14b4098932c1e5bff4a435) Importer(815301076,1909f56bfc062723c751e8b465ee728b)  -> (artifact id: '2fceccf5a03ba1bac08f9c5821b7d504') in 0.009809 seconds 
========================================================================
Received Import Request.
  Time since last request: 0.000088 seconds.
  path: Assets/Resources/wall2 (33).prefab
  artifactKey: Guid(e23a6b77db1264d02ac5bee3ba6941b8) Importer(815301076,1909f56bfc062723c751e8b465ee728b)
Start importing Assets/Resources/wall2 (33).prefab using Guid(e23a6b77db1264d02ac5bee3ba6941b8) Importer(815301076,1909f56bfc062723c751e8b465ee728b)  -> (artifact id: '568d7f58960f7525de48592dd4941351') in 0.010839 seconds 
========================================================================
Received Import Request.
  Time since last request: 0.000098 seconds.
  path: Assets/Resources/table1 (1).prefab
  artifactKey: Guid(1a71112fd859e4bc9a7813f2bb45088e) Importer(815301076,1909f56bfc062723c751e8b465ee728b)
Start importing Assets/Resources/table1 (1).prefab using Guid(1a71112fd859e4bc9a7813f2bb45088e) Importer(815301076,1909f56bfc062723c751e8b465ee728b)  -> (artifact id: '6ac38eb7350d999912240cc5e6b51ed3') in 0.012003 seconds 
========================================================================
Received Import Request.
  Time since last request: 0.000101 seconds.
  path: Assets/Resources/wall4 (23).prefab
  artifactKey: Guid(280a36c115bbe4bce968b604d711835b) Importer(815301076,1909f56bfc062723c751e8b465ee728b)
Start importing Assets/Resources/wall4 (23).prefab using Guid(280a36c115bbe4bce968b604d711835b) Importer(815301076,1909f56bfc062723c751e8b465ee728b)  -> (artifact id: 'ab5d575a111e503dc878edfebd651892') in 0.012666 seconds 
