Unity Editor version:    2021.3.9f1 (ad3870b89536)
Branch:                  2021.3/staging
Build type:              Release
Batch mode:              YES
macOS version:           Version 12.5.1 (Build 21G83)
Darwin version:          21.6.0
Architecture:            arm64
Running under Rosetta:   NO
Available memory:        16384 MB
Using pre-set license
Pro License: YES

COMMAND LINE ARGUMENTS:
/Applications/Unity/Hub/Editor/2021.3.9f1/Unity.app/Contents/MacOS/Unity
-adb2
-batchMode
-noUpm
-name
AssetImportWorker0
-projectPath
/Users/choijoohee/Desktop/SSAFY/특화프로젝트/Hugging
-logFile
Logs/AssetImportWorker0.log
-srvPort
49415
Successfully changed project path to: /Users/choijoohee/Desktop/SSAFY/특화프로젝트/Hugging
/Users/choijoohee/Desktop/SSAFY/특화프로젝트/Hugging
[UnityMemory] Configuration Parameters - Can be set up in boot.config
    "memorysetup-bucket-allocator-granularity=16"
    "memorysetup-bucket-allocator-bucket-count=8"
    "memorysetup-bucket-allocator-block-size=33554432"
    "memorysetup-bucket-allocator-block-count=8"
    "memorysetup-main-allocator-block-size=16777216"
    "memorysetup-thread-allocator-block-size=16777216"
    "memorysetup-gfx-main-allocator-block-size=16777216"
    "memorysetup-gfx-thread-allocator-block-size=16777216"
    "memorysetup-cache-allocator-block-size=4194304"
    "memorysetup-typetree-allocator-block-size=2097152"
    "memorysetup-profiler-bucket-allocator-granularity=16"
    "memorysetup-profiler-bucket-allocator-bucket-count=8"
    "memorysetup-profiler-bucket-allocator-block-size=33554432"
    "memorysetup-profiler-bucket-allocator-block-count=8"
    "memorysetup-profiler-allocator-block-size=16777216"
    "memorysetup-profiler-editor-allocator-block-size=1048576"
    "memorysetup-temp-allocator-size-main=16777216"
    "memorysetup-job-temp-allocator-block-size=2097152"
    "memorysetup-job-temp-allocator-block-size-background=1048576"
    "memorysetup-job-temp-allocator-reduction-small-platforms=262144"
    "memorysetup-temp-allocator-size-background-worker=32768"
    "memorysetup-temp-allocator-size-job-worker=262144"
    "memorysetup-temp-allocator-size-preload-manager=33554432"
    "memorysetup-temp-allocator-size-nav-mesh-worker=65536"
    "memorysetup-temp-allocator-size-audio-worker=65536"
    "memorysetup-temp-allocator-size-cloud-worker=32768"
    "memorysetup-temp-allocator-size-gi-baking-worker=262144"
    "memorysetup-temp-allocator-size-gfx=262144"
Refreshing native plugins compatible for Editor in 78.88 ms, found 2 plugins.
Preloading 0 native plugins for Editor in 0.00 ms.
Initialize engine version: 2021.3.9f1 (ad3870b89536)
[Subsystems] Discovering subsystems at path /Applications/Unity/Hub/Editor/2021.3.9f1/Unity.app/Contents/Resources/UnitySubsystems
[Subsystems] Discovering subsystems at path /Users/choijoohee/Desktop/SSAFY/특화프로젝트/Hugging/Assets
GfxDevice: creating device client; threaded=0; jobified=0
 preferred device: Apple M1 (high power)
Metal devices available: 1
0: Apple M1 (high power)
Using device Apple M1 (high power)
Initializing Metal device caps: Apple M1
Initialize mono
Mono path[0] = '/Applications/Unity/Hub/Editor/2021.3.9f1/Unity.app/Contents/Managed'
Mono path[1] = '/Applications/Unity/Hub/Editor/2021.3.9f1/Unity.app/Contents/MonoBleedingEdge/lib/mono/unityjit-macos'
Mono config path = '/Applications/Unity/Hub/Editor/2021.3.9f1/Unity.app/Contents/MonoBleedingEdge/etc'
Using monoOptions --debugger-agent=transport=dt_socket,embedding=1,server=y,suspend=n,address=127.0.0.1:56614
Begin MonoManager ReloadAssembly
Registering precompiled unity dll's ...
Register platform support module: /Applications/Unity/Hub/Editor/2021.3.9f1/PlaybackEngines/WebGLSupport/UnityEditor.WebGL.Extensions.dll
Register platform support module: /Applications/Unity/Hub/Editor/2021.3.9f1/Unity.app/Contents/PlaybackEngines/MacStandaloneSupport/UnityEditor.OSXStandalone.Extensions.dll
Register platform support module: /Applications/Unity/Hub/Editor/2021.3.9f1/PlaybackEngines/AndroidPlayer/UnityEditor.Android.Extensions.dll
Registered in 0.002449 seconds.
Native extension for Android target not found
Native extension for OSXStandalone target not found
Native extension for WebGL target not found
Refreshing native plugins compatible for Editor in 81.44 ms, found 2 plugins.
Preloading 0 native plugins for Editor in 0.00 ms.
Mono: successfully reloaded assembly
- Completed reload, in  0.453 seconds
Domain Reload Profiling:
	ReloadAssembly (453ms)
		BeginReloadAssembly (58ms)
			ExecutionOrderSort (0ms)
			DisableScriptedObjects (0ms)
			BackupInstance (0ms)
			ReleaseScriptingObjects (0ms)
			CreateAndSetChildDomain (0ms)
		EndReloadAssembly (327ms)
			LoadAssemblies (59ms)
			RebuildTransferFunctionScriptingTraits (0ms)
			SetupTypeCache (74ms)
			ReleaseScriptCaches (0ms)
			RebuildScriptCaches (23ms)
			SetupLoadedEditorAssemblies (200ms)
				LogAssemblyErrors (0ms)
				InitializePlatformSupportModulesInManaged (24ms)
				SetLoadedEditorAssemblies (0ms)
				RefreshPlugins (81ms)
				BeforeProcessingInitializeOnLoad (1ms)
				ProcessInitializeOnLoadAttributes (68ms)
				ProcessInitializeOnLoadMethodAttributes (25ms)
				AfterProcessingInitializeOnLoad (0ms)
				EditorAssembliesLoaded (0ms)
			ExecutionOrderSort2 (0ms)
			AwakeInstancesAfterBackupRestoration (0ms)
Platform modules already initialized, skipping
Registering precompiled user dll's ...
Registered in 0.006419 seconds.
Begin MonoManager ReloadAssembly
Symbol file LoadedFromMemory doesn't match image /Users/choijoohee/Desktop/SSAFY/특화프로젝트/Hugging/Library/PackageCache/com.unity.visualscripting@1.7.8/Editor/VisualScripting.Core/Dependencies/YamlDotNet/Unity.VisualScripting.YamlDotNet.dll
Symbol file LoadedFromMemory doesn't match image /Users/choijoohee/Desktop/SSAFY/특화프로젝트/Hugging/Library/PackageCache/com.unity.visualscripting@1.7.8/Editor/VisualScripting.Core/Dependencies/DotNetZip/Unity.VisualScripting.IonicZip.dll
Native extension for Android target not found
Native extension for OSXStandalone target not found
Native extension for WebGL target not found
Refreshing native plugins compatible for Editor in 0.51 ms, found 2 plugins.
Preloading 0 native plugins for Editor in 0.00 ms.
Mono: successfully reloaded assembly
- Completed reload, in  0.689 seconds
Domain Reload Profiling:
	ReloadAssembly (689ms)
		BeginReloadAssembly (58ms)
			ExecutionOrderSort (0ms)
			DisableScriptedObjects (3ms)
			BackupInstance (0ms)
			ReleaseScriptingObjects (0ms)
			CreateAndSetChildDomain (14ms)
		EndReloadAssembly (558ms)
			LoadAssemblies (68ms)
			RebuildTransferFunctionScriptingTraits (0ms)
			SetupTypeCache (187ms)
			ReleaseScriptCaches (0ms)
			RebuildScriptCaches (40ms)
			SetupLoadedEditorAssemblies (233ms)
				LogAssemblyErrors (0ms)
				InitializePlatformSupportModulesInManaged (7ms)
				SetLoadedEditorAssemblies (0ms)
				RefreshPlugins (1ms)
				BeforeProcessingInitializeOnLoad (60ms)
				ProcessInitializeOnLoadAttributes (145ms)
				ProcessInitializeOnLoadMethodAttributes (19ms)
				AfterProcessingInitializeOnLoad (1ms)
				EditorAssembliesLoaded (0ms)
			ExecutionOrderSort2 (0ms)
			AwakeInstancesAfterBackupRestoration (2ms)
Platform modules already initialized, skipping
========================================================================
Worker process is ready to serve import requests
Launching external process: /Applications/Unity/Hub/Editor/2021.3.9f1/Unity.app/Contents/Tools/UnityShaderCompiler
Launched and connected shader compiler UnityShaderCompiler after 0.06 seconds
Refreshing native plugins compatible for Editor in 0.46 ms, found 2 plugins.
Preloading 0 native plugins for Editor in 0.00 ms.
Unloading 3606 Unused Serialized files (Serialized files now loaded: 0)
Unloading 33 unused Assets / (94.5 KB). Loaded Objects now: 4061.
Memory consumption went from 244.9 MB to 244.8 MB.
Total: 2.391375 ms (FindLiveObjects: 0.120250 ms CreateObjectMapping: 0.046291 ms MarkObjects: 2.134459 ms  DeleteObjects: 0.089667 ms)

AssetImportParameters requested are different than current active one (requested -> active):
  custom:video-decoder-ogg-theora: a1e56fd34408186e4bbccfd4996cb3dc -> 
  custom:container-muxer-webm: aa71ff27fc2769a1b78a27578f13a17b -> 
  custom:container-demuxer-webm: 4f35f7cbe854078d1ac9338744f61a02 -> 
  custom:video-encoder-webm-vp8: eb34c28f22e8b96e1ab97ce403110664 -> 
  custom:framework-osx-AVFoundation: e770b220cccbd017edd2c1fefb359320 -> 
  custom:audio-encoder-webm-vorbis: bf7c407c2cedff20999df2af8eb42d56 -> 
  custom:container-demuxer-ogg: 62fdf1f143b41e24485cea50d1cbac27 -> 
  custom:video-decoder-webm-vp8: 9c59270c3fd7afecdb556c50c9e8de78 -> 
  custom:audio-decoder-ogg-vorbis: bf7c407c2cedff20999df2af8eb42d56 -> 
========================================================================
Received Import Request.
  Time since last request: 6484.836484 seconds.
  path: Assets/Scripts/HuggingLauncher.cs
  artifactKey: Guid(c996e500fa89449a28bdc125bd6683a9) Importer(815301076,1909f56bfc062723c751e8b465ee728b)
Start importing Assets/Scripts/HuggingLauncher.cs using Guid(c996e500fa89449a28bdc125bd6683a9) Importer(815301076,1909f56bfc062723c751e8b465ee728b)  -> (artifact id: '89162f466e21127da9538f1a7580c9e5') in 0.438321 seconds 
========================================================================
Received Prepare
Registering precompiled user dll's ...
Registered in 0.001989 seconds.
Begin MonoManager ReloadAssembly
Thread 0x284e1b000 may have been prematurely finalized
Symbol file LoadedFromMemory doesn't match image /Users/choijoohee/Desktop/SSAFY/특화프로젝트/Hugging/Library/PackageCache/com.unity.visualscripting@1.7.8/Editor/VisualScripting.Core/Dependencies/YamlDotNet/Unity.VisualScripting.YamlDotNet.dll
Symbol file LoadedFromMemory doesn't match image /Users/choijoohee/Desktop/SSAFY/특화프로젝트/Hugging/Library/PackageCache/com.unity.visualscripting@1.7.8/Editor/VisualScripting.Core/Dependencies/DotNetZip/Unity.VisualScripting.IonicZip.dll
Native extension for Android target not found
Native extension for OSXStandalone target not found
Native extension for WebGL target not found
Refreshing native plugins compatible for Editor in 0.38 ms, found 2 plugins.
Preloading 0 native plugins for Editor in 0.00 ms.
Mono: successfully reloaded assembly
- Completed reload, in  0.648 seconds
Domain Reload Profiling:
	ReloadAssembly (649ms)
		BeginReloadAssembly (92ms)
			ExecutionOrderSort (0ms)
			DisableScriptedObjects (3ms)
			BackupInstance (0ms)
			ReleaseScriptingObjects (0ms)
			CreateAndSetChildDomain (40ms)
		EndReloadAssembly (496ms)
			LoadAssemblies (39ms)
			RebuildTransferFunctionScriptingTraits (0ms)
			SetupTypeCache (217ms)
			ReleaseScriptCaches (1ms)
			RebuildScriptCaches (29ms)
			SetupLoadedEditorAssemblies (185ms)
				LogAssemblyErrors (0ms)
				InitializePlatformSupportModulesInManaged (10ms)
				SetLoadedEditorAssemblies (0ms)
				RefreshPlugins (0ms)
				BeforeProcessingInitializeOnLoad (39ms)
				ProcessInitializeOnLoadAttributes (119ms)
				ProcessInitializeOnLoadMethodAttributes (16ms)
				AfterProcessingInitializeOnLoad (1ms)
				EditorAssembliesLoaded (0ms)
			ExecutionOrderSort2 (0ms)
			AwakeInstancesAfterBackupRestoration (2ms)
Platform modules already initialized, skipping
Refreshing native plugins compatible for Editor in 0.89 ms, found 2 plugins.
Preloading 0 native plugins for Editor in 0.00 ms.
Unloading 3600 Unused Serialized files (Serialized files now loaded: 0)
Unloading 25 unused Assets / (74.6 KB). Loaded Objects now: 4065.
Memory consumption went from 249.0 MB to 248.9 MB.
Total: 2.377375 ms (FindLiveObjects: 0.154000 ms CreateObjectMapping: 0.057291 ms MarkObjects: 2.094417 ms  DeleteObjects: 0.070583 ms)

AssetImportParameters requested are different than current active one (requested -> active):
  custom:video-decoder-ogg-theora: a1e56fd34408186e4bbccfd4996cb3dc -> 
  custom:container-muxer-webm: aa71ff27fc2769a1b78a27578f13a17b -> 
  custom:container-demuxer-webm: 4f35f7cbe854078d1ac9338744f61a02 -> 
  custom:video-encoder-webm-vp8: eb34c28f22e8b96e1ab97ce403110664 -> 
  custom:framework-osx-AVFoundation: e770b220cccbd017edd2c1fefb359320 -> 
  custom:audio-encoder-webm-vorbis: bf7c407c2cedff20999df2af8eb42d56 -> 
  custom:container-demuxer-ogg: 62fdf1f143b41e24485cea50d1cbac27 -> 
  custom:video-decoder-webm-vp8: 9c59270c3fd7afecdb556c50c9e8de78 -> 
  custom:audio-decoder-ogg-vorbis: bf7c407c2cedff20999df2af8eb42d56 -> 
========================================================================
Received Import Request.
  Time since last request: 117.929982 seconds.
  path: Assets/Scripts/HuggingLauncher.cs
  artifactKey: Guid(c996e500fa89449a28bdc125bd6683a9) Importer(815301076,1909f56bfc062723c751e8b465ee728b)
Start importing Assets/Scripts/HuggingLauncher.cs using Guid(c996e500fa89449a28bdc125bd6683a9) Importer(815301076,1909f56bfc062723c751e8b465ee728b)  -> (artifact id: '09c09a01c63735724c3ca4dbf80f11eb') in 0.006798 seconds 
========================================================================
Received Prepare
Registering precompiled user dll's ...
Registered in 0.001937 seconds.
Begin MonoManager ReloadAssembly
Thread 0x16daa7000 may have been prematurely finalized
Symbol file LoadedFromMemory doesn't match image /Users/choijoohee/Desktop/SSAFY/특화프로젝트/Hugging/Library/PackageCache/com.unity.visualscripting@1.7.8/Editor/VisualScripting.Core/Dependencies/YamlDotNet/Unity.VisualScripting.YamlDotNet.dll
Symbol file LoadedFromMemory doesn't match image /Users/choijoohee/Desktop/SSAFY/특화프로젝트/Hugging/Library/PackageCache/com.unity.visualscripting@1.7.8/Editor/VisualScripting.Core/Dependencies/DotNetZip/Unity.VisualScripting.IonicZip.dll
Native extension for Android target not found
Native extension for OSXStandalone target not found
Native extension for WebGL target not found
Refreshing native plugins compatible for Editor in 0.43 ms, found 2 plugins.
Preloading 0 native plugins for Editor in 0.00 ms.
Mono: successfully reloaded assembly
- Completed reload, in  0.607 seconds
Domain Reload Profiling:
	ReloadAssembly (607ms)
		BeginReloadAssembly (71ms)
			ExecutionOrderSort (0ms)
			DisableScriptedObjects (3ms)
			BackupInstance (0ms)
			ReleaseScriptingObjects (0ms)
			CreateAndSetChildDomain (24ms)
		EndReloadAssembly (479ms)
			LoadAssemblies (33ms)
			RebuildTransferFunctionScriptingTraits (0ms)
			SetupTypeCache (178ms)
			ReleaseScriptCaches (1ms)
			RebuildScriptCaches (34ms)
			SetupLoadedEditorAssemblies (200ms)
				LogAssemblyErrors (0ms)
				InitializePlatformSupportModulesInManaged (11ms)
				SetLoadedEditorAssemblies (0ms)
				RefreshPlugins (0ms)
				BeforeProcessingInitializeOnLoad (42ms)
				ProcessInitializeOnLoadAttributes (129ms)
				ProcessInitializeOnLoadMethodAttributes (17ms)
				AfterProcessingInitializeOnLoad (1ms)
				EditorAssembliesLoaded (0ms)
			ExecutionOrderSort2 (0ms)
			AwakeInstancesAfterBackupRestoration (2ms)
Platform modules already initialized, skipping
Refreshing native plugins compatible for Editor in 1.03 ms, found 2 plugins.
Preloading 0 native plugins for Editor in 0.00 ms.
Unloading 3600 Unused Serialized files (Serialized files now loaded: 0)
Unloading 25 unused Assets / (55.8 KB). Loaded Objects now: 4069.
Memory consumption went from 249.3 MB to 249.2 MB.
Total: 16.544041 ms (FindLiveObjects: 0.133417 ms CreateObjectMapping: 0.052583 ms MarkObjects: 16.213833 ms  DeleteObjects: 0.143334 ms)

AssetImportParameters requested are different than current active one (requested -> active):
  custom:video-decoder-ogg-theora: a1e56fd34408186e4bbccfd4996cb3dc -> 
  custom:container-muxer-webm: aa71ff27fc2769a1b78a27578f13a17b -> 
  custom:container-demuxer-webm: 4f35f7cbe854078d1ac9338744f61a02 -> 
  custom:video-encoder-webm-vp8: eb34c28f22e8b96e1ab97ce403110664 -> 
  custom:framework-osx-AVFoundation: e770b220cccbd017edd2c1fefb359320 -> 
  custom:audio-encoder-webm-vorbis: bf7c407c2cedff20999df2af8eb42d56 -> 
  custom:container-demuxer-ogg: 62fdf1f143b41e24485cea50d1cbac27 -> 
  custom:video-decoder-webm-vp8: 9c59270c3fd7afecdb556c50c9e8de78 -> 
  custom:audio-decoder-ogg-vorbis: bf7c407c2cedff20999df2af8eb42d56 -> 
========================================================================
Received Prepare
Refreshing native plugins compatible for Editor in 4.40 ms, found 2 plugins.
Preloading 0 native plugins for Editor in 0.00 ms.
Unloading 25 Unused Serialized files (Serialized files now loaded: 0)
Unloading 25 unused Assets / (72.7 KB). Loaded Objects now: 4069.
Memory consumption went from 177.1 MB to 177.0 MB.
Total: 2.375666 ms (FindLiveObjects: 0.155125 ms CreateObjectMapping: 0.049417 ms MarkObjects: 2.111750 ms  DeleteObjects: 0.058791 ms)

AssetImportParameters requested are different than current active one (requested -> active):
  custom:video-decoder-ogg-theora: a1e56fd34408186e4bbccfd4996cb3dc -> 
  custom:container-muxer-webm: aa71ff27fc2769a1b78a27578f13a17b -> 
  custom:container-demuxer-webm: 4f35f7cbe854078d1ac9338744f61a02 -> 
  custom:video-encoder-webm-vp8: eb34c28f22e8b96e1ab97ce403110664 -> 
  custom:framework-osx-AVFoundation: e770b220cccbd017edd2c1fefb359320 -> 
  custom:audio-encoder-webm-vorbis: bf7c407c2cedff20999df2af8eb42d56 -> 
  custom:container-demuxer-ogg: 62fdf1f143b41e24485cea50d1cbac27 -> 
  custom:video-decoder-webm-vp8: 9c59270c3fd7afecdb556c50c9e8de78 -> 
  custom:audio-decoder-ogg-vorbis: bf7c407c2cedff20999df2af8eb42d56 -> 
========================================================================
Received Prepare
Registering precompiled user dll's ...
Registered in 0.001782 seconds.
Begin MonoManager ReloadAssembly
Thread 0x16daa7000 may have been prematurely finalized
Symbol file LoadedFromMemory doesn't match image /Users/choijoohee/Desktop/SSAFY/특화프로젝트/Hugging/Library/PackageCache/com.unity.visualscripting@1.7.8/Editor/VisualScripting.Core/Dependencies/YamlDotNet/Unity.VisualScripting.YamlDotNet.dll
Symbol file LoadedFromMemory doesn't match image /Users/choijoohee/Desktop/SSAFY/특화프로젝트/Hugging/Library/PackageCache/com.unity.visualscripting@1.7.8/Editor/VisualScripting.Core/Dependencies/DotNetZip/Unity.VisualScripting.IonicZip.dll
Native extension for Android target not found
Native extension for OSXStandalone target not found
Native extension for WebGL target not found
Refreshing native plugins compatible for Editor in 0.38 ms, found 2 plugins.
Preloading 0 native plugins for Editor in 0.00 ms.
Mono: successfully reloaded assembly
- Completed reload, in  0.609 seconds
Domain Reload Profiling:
	ReloadAssembly (610ms)
		BeginReloadAssembly (93ms)
			ExecutionOrderSort (0ms)
			DisableScriptedObjects (3ms)
			BackupInstance (0ms)
			ReleaseScriptingObjects (0ms)
			CreateAndSetChildDomain (42ms)
		EndReloadAssembly (455ms)
			LoadAssemblies (36ms)
			RebuildTransferFunctionScriptingTraits (0ms)
			SetupTypeCache (181ms)
			ReleaseScriptCaches (1ms)
			RebuildScriptCaches (32ms)
			SetupLoadedEditorAssemblies (179ms)
				LogAssemblyErrors (0ms)
				InitializePlatformSupportModulesInManaged (10ms)
				SetLoadedEditorAssemblies (0ms)
				RefreshPlugins (0ms)
				BeforeProcessingInitializeOnLoad (37ms)
				ProcessInitializeOnLoadAttributes (115ms)
				ProcessInitializeOnLoadMethodAttributes (16ms)
				AfterProcessingInitializeOnLoad (1ms)
				EditorAssembliesLoaded (0ms)
			ExecutionOrderSort2 (0ms)
			AwakeInstancesAfterBackupRestoration (2ms)
Platform modules already initialized, skipping
Refreshing native plugins compatible for Editor in 1.00 ms, found 2 plugins.
Preloading 0 native plugins for Editor in 0.00 ms.
Unloading 3600 Unused Serialized files (Serialized files now loaded: 0)
Unloading 25 unused Assets / (71.2 KB). Loaded Objects now: 4073.
Memory consumption went from 249.9 MB to 249.8 MB.
Total: 2.360084 ms (FindLiveObjects: 0.151583 ms CreateObjectMapping: 0.049250 ms MarkObjects: 2.102292 ms  DeleteObjects: 0.056334 ms)

AssetImportParameters requested are different than current active one (requested -> active):
  custom:video-decoder-ogg-theora: a1e56fd34408186e4bbccfd4996cb3dc -> 
  custom:container-muxer-webm: aa71ff27fc2769a1b78a27578f13a17b -> 
  custom:container-demuxer-webm: 4f35f7cbe854078d1ac9338744f61a02 -> 
  custom:video-encoder-webm-vp8: eb34c28f22e8b96e1ab97ce403110664 -> 
  custom:framework-osx-AVFoundation: e770b220cccbd017edd2c1fefb359320 -> 
  custom:audio-encoder-webm-vorbis: bf7c407c2cedff20999df2af8eb42d56 -> 
  custom:container-demuxer-ogg: 62fdf1f143b41e24485cea50d1cbac27 -> 
  custom:video-decoder-webm-vp8: 9c59270c3fd7afecdb556c50c9e8de78 -> 
  custom:audio-decoder-ogg-vorbis: bf7c407c2cedff20999df2af8eb42d56 -> 
========================================================================
Received Prepare
Registering precompiled user dll's ...
Registered in 0.001630 seconds.
Begin MonoManager ReloadAssembly
Thread 0x16daa7000 may have been prematurely finalized
Symbol file LoadedFromMemory doesn't match image /Users/choijoohee/Desktop/SSAFY/특화프로젝트/Hugging/Library/PackageCache/com.unity.visualscripting@1.7.8/Editor/VisualScripting.Core/Dependencies/YamlDotNet/Unity.VisualScripting.YamlDotNet.dll
Symbol file LoadedFromMemory doesn't match image /Users/choijoohee/Desktop/SSAFY/특화프로젝트/Hugging/Library/PackageCache/com.unity.visualscripting@1.7.8/Editor/VisualScripting.Core/Dependencies/DotNetZip/Unity.VisualScripting.IonicZip.dll
Native extension for Android target not found
Native extension for OSXStandalone target not found
Native extension for WebGL target not found
Refreshing native plugins compatible for Editor in 0.50 ms, found 2 plugins.
Preloading 0 native plugins for Editor in 0.00 ms.
Mono: successfully reloaded assembly
- Completed reload, in  0.667 seconds
Domain Reload Profiling:
	ReloadAssembly (667ms)
		BeginReloadAssembly (75ms)
			ExecutionOrderSort (0ms)
			DisableScriptedObjects (3ms)
			BackupInstance (0ms)
			ReleaseScriptingObjects (0ms)
			CreateAndSetChildDomain (26ms)
		EndReloadAssembly (533ms)
			LoadAssemblies (34ms)
			RebuildTransferFunctionScriptingTraits (0ms)
			SetupTypeCache (198ms)
			ReleaseScriptCaches (1ms)
			RebuildScriptCaches (32ms)
			SetupLoadedEditorAssemblies (234ms)
				LogAssemblyErrors (0ms)
				InitializePlatformSupportModulesInManaged (12ms)
				SetLoadedEditorAssemblies (0ms)
				RefreshPlugins (1ms)
				BeforeProcessingInitializeOnLoad (43ms)
				ProcessInitializeOnLoadAttributes (160ms)
				ProcessInitializeOnLoadMethodAttributes (18ms)
				AfterProcessingInitializeOnLoad (1ms)
				EditorAssembliesLoaded (0ms)
			ExecutionOrderSort2 (0ms)
			AwakeInstancesAfterBackupRestoration (2ms)
Platform modules already initialized, skipping
Refreshing native plugins compatible for Editor in 1.11 ms, found 2 plugins.
Preloading 0 native plugins for Editor in 0.00 ms.
Unloading 3600 Unused Serialized files (Serialized files now loaded: 0)
Unloading 25 unused Assets / (71.1 KB). Loaded Objects now: 4077.
Memory consumption went from 250.1 MB to 250.0 MB.
Total: 2.329708 ms (FindLiveObjects: 0.129416 ms CreateObjectMapping: 0.046334 ms MarkObjects: 2.081875 ms  DeleteObjects: 0.071125 ms)

AssetImportParameters requested are different than current active one (requested -> active):
  custom:video-decoder-ogg-theora: a1e56fd34408186e4bbccfd4996cb3dc -> 
  custom:container-muxer-webm: aa71ff27fc2769a1b78a27578f13a17b -> 
  custom:container-demuxer-webm: 4f35f7cbe854078d1ac9338744f61a02 -> 
  custom:video-encoder-webm-vp8: eb34c28f22e8b96e1ab97ce403110664 -> 
  custom:framework-osx-AVFoundation: e770b220cccbd017edd2c1fefb359320 -> 
  custom:audio-encoder-webm-vorbis: bf7c407c2cedff20999df2af8eb42d56 -> 
  custom:container-demuxer-ogg: 62fdf1f143b41e24485cea50d1cbac27 -> 
  custom:video-decoder-webm-vp8: 9c59270c3fd7afecdb556c50c9e8de78 -> 
  custom:audio-decoder-ogg-vorbis: bf7c407c2cedff20999df2af8eb42d56 -> 
========================================================================
Received Prepare
Registering precompiled user dll's ...
Registered in 0.001944 seconds.
Begin MonoManager ReloadAssembly
Thread 0x16daa7000 may have been prematurely finalized
Symbol file LoadedFromMemory doesn't match image /Users/choijoohee/Desktop/SSAFY/특화프로젝트/Hugging/Library/PackageCache/com.unity.visualscripting@1.7.8/Editor/VisualScripting.Core/Dependencies/YamlDotNet/Unity.VisualScripting.YamlDotNet.dll
Symbol file LoadedFromMemory doesn't match image /Users/choijoohee/Desktop/SSAFY/특화프로젝트/Hugging/Library/PackageCache/com.unity.visualscripting@1.7.8/Editor/VisualScripting.Core/Dependencies/DotNetZip/Unity.VisualScripting.IonicZip.dll
Native extension for Android target not found
Native extension for OSXStandalone target not found
Native extension for WebGL target not found
Refreshing native plugins compatible for Editor in 0.51 ms, found 2 plugins.
Preloading 0 native plugins for Editor in 0.00 ms.
Mono: successfully reloaded assembly
- Completed reload, in  0.657 seconds
Domain Reload Profiling:
	ReloadAssembly (657ms)
		BeginReloadAssembly (75ms)
			ExecutionOrderSort (0ms)
			DisableScriptedObjects (3ms)
			BackupInstance (0ms)
			ReleaseScriptingObjects (0ms)
			CreateAndSetChildDomain (26ms)
		EndReloadAssembly (523ms)
			LoadAssemblies (34ms)
			RebuildTransferFunctionScriptingTraits (0ms)
			SetupTypeCache (198ms)
			ReleaseScriptCaches (1ms)
			RebuildScriptCaches (32ms)
			SetupLoadedEditorAssemblies (221ms)
				LogAssemblyErrors (0ms)
				InitializePlatformSupportModulesInManaged (12ms)
				SetLoadedEditorAssemblies (0ms)
				RefreshPlugins (1ms)
				BeforeProcessingInitializeOnLoad (43ms)
				ProcessInitializeOnLoadAttributes (133ms)
				ProcessInitializeOnLoadMethodAttributes (31ms)
				AfterProcessingInitializeOnLoad (1ms)
				EditorAssembliesLoaded (0ms)
			ExecutionOrderSort2 (0ms)
			AwakeInstancesAfterBackupRestoration (5ms)
Platform modules already initialized, skipping
Refreshing native plugins compatible for Editor in 1.01 ms, found 2 plugins.
Preloading 0 native plugins for Editor in 0.00 ms.
Unloading 3600 Unused Serialized files (Serialized files now loaded: 0)
Unloading 25 unused Assets / (71.2 KB). Loaded Objects now: 4081.
Memory consumption went from 250.3 MB to 250.3 MB.
Total: 2.672333 ms (FindLiveObjects: 0.167583 ms CreateObjectMapping: 0.047250 ms MarkObjects: 2.387375 ms  DeleteObjects: 0.069333 ms)

AssetImportParameters requested are different than current active one (requested -> active):
  custom:video-decoder-ogg-theora: a1e56fd34408186e4bbccfd4996cb3dc -> 
  custom:container-muxer-webm: aa71ff27fc2769a1b78a27578f13a17b -> 
  custom:container-demuxer-webm: 4f35f7cbe854078d1ac9338744f61a02 -> 
  custom:video-encoder-webm-vp8: eb34c28f22e8b96e1ab97ce403110664 -> 
  custom:framework-osx-AVFoundation: e770b220cccbd017edd2c1fefb359320 -> 
  custom:audio-encoder-webm-vorbis: bf7c407c2cedff20999df2af8eb42d56 -> 
  custom:container-demuxer-ogg: 62fdf1f143b41e24485cea50d1cbac27 -> 
  custom:video-decoder-webm-vp8: 9c59270c3fd7afecdb556c50c9e8de78 -> 
  custom:audio-decoder-ogg-vorbis: bf7c407c2cedff20999df2af8eb42d56 -> 
========================================================================
Received Prepare
Registering precompiled user dll's ...
Registered in 0.001829 seconds.
Begin MonoManager ReloadAssembly
Thread 0x16daa7000 may have been prematurely finalized
Symbol file LoadedFromMemory doesn't match image /Users/choijoohee/Desktop/SSAFY/특화프로젝트/Hugging/Library/PackageCache/com.unity.visualscripting@1.7.8/Editor/VisualScripting.Core/Dependencies/YamlDotNet/Unity.VisualScripting.YamlDotNet.dll
Symbol file LoadedFromMemory doesn't match image /Users/choijoohee/Desktop/SSAFY/특화프로젝트/Hugging/Library/PackageCache/com.unity.visualscripting@1.7.8/Editor/VisualScripting.Core/Dependencies/DotNetZip/Unity.VisualScripting.IonicZip.dll
Native extension for Android target not found
Native extension for OSXStandalone target not found
Native extension for WebGL target not found
Refreshing native plugins compatible for Editor in 0.50 ms, found 2 plugins.
Preloading 0 native plugins for Editor in 0.00 ms.
Mono: successfully reloaded assembly
- Completed reload, in  0.627 seconds
Domain Reload Profiling:
	ReloadAssembly (627ms)
		BeginReloadAssembly (72ms)
			ExecutionOrderSort (0ms)
			DisableScriptedObjects (3ms)
			BackupInstance (0ms)
			ReleaseScriptingObjects (0ms)
			CreateAndSetChildDomain (24ms)
		EndReloadAssembly (497ms)
			LoadAssemblies (33ms)
			RebuildTransferFunctionScriptingTraits (0ms)
			SetupTypeCache (190ms)
			ReleaseScriptCaches (1ms)
			RebuildScriptCaches (33ms)
			SetupLoadedEditorAssemblies (209ms)
				LogAssemblyErrors (0ms)
				InitializePlatformSupportModulesInManaged (11ms)
				SetLoadedEditorAssemblies (0ms)
				RefreshPlugins (1ms)
				BeforeProcessingInitializeOnLoad (43ms)
				ProcessInitializeOnLoadAttributes (136ms)
				ProcessInitializeOnLoadMethodAttributes (18ms)
				AfterProcessingInitializeOnLoad (1ms)
				EditorAssembliesLoaded (0ms)
			ExecutionOrderSort2 (0ms)
			AwakeInstancesAfterBackupRestoration (2ms)
Platform modules already initialized, skipping
Refreshing native plugins compatible for Editor in 1.00 ms, found 2 plugins.
Preloading 0 native plugins for Editor in 0.00 ms.
Unloading 3600 Unused Serialized files (Serialized files now loaded: 0)
Unloading 25 unused Assets / (71.3 KB). Loaded Objects now: 4085.
Memory consumption went from 250.6 MB to 250.5 MB.
Total: 2.203083 ms (FindLiveObjects: 0.135875 ms CreateObjectMapping: 0.055000 ms MarkObjects: 1.952458 ms  DeleteObjects: 0.059084 ms)

AssetImportParameters requested are different than current active one (requested -> active):
  custom:video-decoder-ogg-theora: a1e56fd34408186e4bbccfd4996cb3dc -> 
  custom:container-muxer-webm: aa71ff27fc2769a1b78a27578f13a17b -> 
  custom:container-demuxer-webm: 4f35f7cbe854078d1ac9338744f61a02 -> 
  custom:video-encoder-webm-vp8: eb34c28f22e8b96e1ab97ce403110664 -> 
  custom:framework-osx-AVFoundation: e770b220cccbd017edd2c1fefb359320 -> 
  custom:audio-encoder-webm-vorbis: bf7c407c2cedff20999df2af8eb42d56 -> 
  custom:container-demuxer-ogg: 62fdf1f143b41e24485cea50d1cbac27 -> 
  custom:video-decoder-webm-vp8: 9c59270c3fd7afecdb556c50c9e8de78 -> 
  custom:audio-decoder-ogg-vorbis: bf7c407c2cedff20999df2af8eb42d56 -> 
========================================================================
Received Prepare
Registering precompiled user dll's ...
Registered in 0.001897 seconds.
Begin MonoManager ReloadAssembly
Thread 0x16daa7000 may have been prematurely finalized
Symbol file LoadedFromMemory doesn't match image /Users/choijoohee/Desktop/SSAFY/특화프로젝트/Hugging/Library/PackageCache/com.unity.visualscripting@1.7.8/Editor/VisualScripting.Core/Dependencies/YamlDotNet/Unity.VisualScripting.YamlDotNet.dll
Symbol file LoadedFromMemory doesn't match image /Users/choijoohee/Desktop/SSAFY/특화프로젝트/Hugging/Library/PackageCache/com.unity.visualscripting@1.7.8/Editor/VisualScripting.Core/Dependencies/DotNetZip/Unity.VisualScripting.IonicZip.dll
Native extension for Android target not found
Native extension for OSXStandalone target not found
Native extension for WebGL target not found
Refreshing native plugins compatible for Editor in 0.41 ms, found 2 plugins.
Preloading 0 native plugins for Editor in 0.00 ms.
Mono: successfully reloaded assembly
- Completed reload, in  0.552 seconds
Domain Reload Profiling:
	ReloadAssembly (552ms)
		BeginReloadAssembly (68ms)
			ExecutionOrderSort (0ms)
			DisableScriptedObjects (3ms)
			BackupInstance (0ms)
			ReleaseScriptingObjects (0ms)
			CreateAndSetChildDomain (23ms)
		EndReloadAssembly (429ms)
			LoadAssemblies (30ms)
			RebuildTransferFunctionScriptingTraits (0ms)
			SetupTypeCache (165ms)
			ReleaseScriptCaches (1ms)
			RebuildScriptCaches (28ms)
			SetupLoadedEditorAssemblies (177ms)
				LogAssemblyErrors (0ms)
				InitializePlatformSupportModulesInManaged (11ms)
				SetLoadedEditorAssemblies (0ms)
				RefreshPlugins (0ms)
				BeforeProcessingInitializeOnLoad (38ms)
				ProcessInitializeOnLoadAttributes (112ms)
				ProcessInitializeOnLoadMethodAttributes (15ms)
				AfterProcessingInitializeOnLoad (1ms)
				EditorAssembliesLoaded (0ms)
			ExecutionOrderSort2 (0ms)
			AwakeInstancesAfterBackupRestoration (2ms)
Platform modules already initialized, skipping
Refreshing native plugins compatible for Editor in 0.88 ms, found 2 plugins.
Preloading 0 native plugins for Editor in 0.00 ms.
Unloading 3600 Unused Serialized files (Serialized files now loaded: 0)
Unloading 25 unused Assets / (71.4 KB). Loaded Objects now: 4089.
Memory consumption went from 250.8 MB to 250.7 MB.
Total: 2.194875 ms (FindLiveObjects: 0.133584 ms CreateObjectMapping: 0.056208 ms MarkObjects: 1.942333 ms  DeleteObjects: 0.062333 ms)

AssetImportParameters requested are different than current active one (requested -> active):
  custom:video-decoder-ogg-theora: a1e56fd34408186e4bbccfd4996cb3dc -> 
  custom:container-muxer-webm: aa71ff27fc2769a1b78a27578f13a17b -> 
  custom:container-demuxer-webm: 4f35f7cbe854078d1ac9338744f61a02 -> 
  custom:video-encoder-webm-vp8: eb34c28f22e8b96e1ab97ce403110664 -> 
  custom:framework-osx-AVFoundation: e770b220cccbd017edd2c1fefb359320 -> 
  custom:audio-encoder-webm-vorbis: bf7c407c2cedff20999df2af8eb42d56 -> 
  custom:container-demuxer-ogg: 62fdf1f143b41e24485cea50d1cbac27 -> 
  custom:video-decoder-webm-vp8: 9c59270c3fd7afecdb556c50c9e8de78 -> 
  custom:audio-decoder-ogg-vorbis: bf7c407c2cedff20999df2af8eb42d56 -> 
========================================================================
Received Import Request.
  Time since last request: 1156.429997 seconds.
  path: Assets/school/DemoScene
  artifactKey: Guid(8b61bb79be6daf84fb002396b9e16281) Importer(815301076,1909f56bfc062723c751e8b465ee728b)
Start importing Assets/school/DemoScene using Guid(8b61bb79be6daf84fb002396b9e16281) Importer(815301076,1909f56bfc062723c751e8b465ee728b)  -> (artifact id: '86aea899d7ac13c58ad60976503ac1ed') in 0.018240 seconds 
========================================================================
Received Import Request.
  Time since last request: 2.615612 seconds.
  path: Assets/school/DemoScene/all_objects.unity
  artifactKey: Guid(c206d02e77fbc3148a269062ea0e8069) Importer(815301076,1909f56bfc062723c751e8b465ee728b)
Start importing Assets/school/DemoScene/all_objects.unity using Guid(c206d02e77fbc3148a269062ea0e8069) Importer(815301076,1909f56bfc062723c751e8b465ee728b)  -> (artifact id: '764473cd5af7a9882a9a04634bd7e27e') in 0.001516 seconds 
========================================================================
Received Import Request.
  Time since last request: 5.885139 seconds.
  path: Assets/school/DemoScene/all_.unity
  artifactKey: Guid(378551c9dbb787b4f9dd2e04ec1454e5) Importer(815301076,1909f56bfc062723c751e8b465ee728b)
Start importing Assets/school/DemoScene/all_.unity using Guid(378551c9dbb787b4f9dd2e04ec1454e5) Importer(815301076,1909f56bfc062723c751e8b465ee728b)  -> (artifact id: '17afa0abf47507d537dc4c1d8411e577') in 0.004875 seconds 
========================================================================
Received Import Request.
  Time since last request: 2652.415019 seconds.
  path: Assets/Scenes/SampleScene.unity
  artifactKey: Guid(9fc0d4010bbf28b4594072e72b8655ab) Importer(815301076,1909f56bfc062723c751e8b465ee728b)
Start importing Assets/Scenes/SampleScene.unity using Guid(9fc0d4010bbf28b4594072e72b8655ab) Importer(815301076,1909f56bfc062723c751e8b465ee728b)  -> (artifact id: 'a7ce2d0fb4806da1bdb1fc68bca0cd69') in 0.001990 seconds 
========================================================================
Received Import Request.
  Time since last request: 13.866334 seconds.
  path: Assets/Photon/PhotonUnityNetworking/UtilityScripts/PhotonUnityNetworking.Utilities.asmdef
  artifactKey: Guid(a738238285a7a8246af046cbf977522f) Importer(815301076,1909f56bfc062723c751e8b465ee728b)
Start importing Assets/Photon/PhotonUnityNetworking/UtilityScripts/PhotonUnityNetworking.Utilities.asmdef using Guid(a738238285a7a8246af046cbf977522f) Importer(815301076,1909f56bfc062723c751e8b465ee728b)  -> (artifact id: '7e30df3467f3af00885cc8038a7f2dff') in 0.551362 seconds 
========================================================================
Received Import Request.
  Time since last request: 7.508274 seconds.
  path: Assets/school/DemoScene/all_objects1_Profiles
  artifactKey: Guid(b0062bcf3e6601642b30a501d664127d) Importer(815301076,1909f56bfc062723c751e8b465ee728b)
Start importing Assets/school/DemoScene/all_objects1_Profiles using Guid(b0062bcf3e6601642b30a501d664127d) Importer(815301076,1909f56bfc062723c751e8b465ee728b)  -> (artifact id: '1a3251b0f7b7d85cc924d367b1b65b4e') in 0.001865 seconds 
========================================================================
Received Import Request.
  Time since last request: 0.034372 seconds.
  path: Assets/school/DemoScene/all_objects1_Profiles/PP Profile.asset
  artifactKey: Guid(eb0c7f947126d924ebdcd292be9be7aa) Importer(815301076,1909f56bfc062723c751e8b465ee728b)
Start importing Assets/school/DemoScene/all_objects1_Profiles/PP Profile.asset using Guid(eb0c7f947126d924ebdcd292be9be7aa) Importer(815301076,1909f56bfc062723c751e8b465ee728b)  -> (artifact id: 'f5a8d520d7d0a444d02779498a4ecbda') in 0.034448 seconds 
========================================================================
Received Import Request.
  Time since last request: 31.449918 seconds.
  path: Assets/school/material/1.png
  artifactKey: Guid(4b03c68dd480c5946acba6280c21b674) Importer(815301076,1909f56bfc062723c751e8b465ee728b)
Start importing Assets/school/material/1.png using Guid(4b03c68dd480c5946acba6280c21b674) Importer(815301076,1909f56bfc062723c751e8b465ee728b)  -> (artifact id: '8a4dc7f9cedac85dc4a9961b80ca8297') in 0.649590 seconds 
========================================================================
Received Import Request.
  Time since last request: 0.000060 seconds.
  path: Assets/school/material/Materials/floor_color.mat
  artifactKey: Guid(1dbcdd8ff94528e48b2ec42b537b1d40) Importer(815301076,1909f56bfc062723c751e8b465ee728b)
Start importing Assets/school/material/Materials/floor_color.mat using Guid(1dbcdd8ff94528e48b2ec42b537b1d40) Importer(815301076,1909f56bfc062723c751e8b465ee728b)  -> (artifact id: '122eba33ee9ec96d29c798fae87d5dc3') in 0.282380 seconds 
========================================================================
Received Import Request.
  Time since last request: 4.229529 seconds.
  path: Assets/school/Prefabs/props/a door.prefab
  artifactKey: Guid(c46afe706fb2cde4883f7afaeaa67a78) Importer(815301076,1909f56bfc062723c751e8b465ee728b)
Start importing Assets/school/Prefabs/props/a door.prefab using Guid(c46afe706fb2cde4883f7afaeaa67a78) Importer(815301076,1909f56bfc062723c751e8b465ee728b)  -> (artifact id: '94195acda3a438ecfbe35abf52690b14') in 0.169493 seconds 
========================================================================
Received Import Request.
  Time since last request: 0.000115 seconds.
  path: Assets/school/Prefabs/props/sheet3.prefab
  artifactKey: Guid(5f0122993f7c5324d972bf997e494ca3) Importer(815301076,1909f56bfc062723c751e8b465ee728b)
Start importing Assets/school/Prefabs/props/sheet3.prefab using Guid(5f0122993f7c5324d972bf997e494ca3) Importer(815301076,1909f56bfc062723c751e8b465ee728b)  -> (artifact id: '6257149849d140d5179595a3ec37803c') in 0.009130 seconds 
========================================================================
Received Import Request.
  Time since last request: 0.000121 seconds.
  path: Assets/school/Prefabs/props/locker1.prefab
  artifactKey: Guid(7d65db92ee1ad5644a8177816885460b) Importer(815301076,1909f56bfc062723c751e8b465ee728b)
Start importing Assets/school/Prefabs/props/locker1.prefab using Guid(7d65db92ee1ad5644a8177816885460b) Importer(815301076,1909f56bfc062723c751e8b465ee728b)  -> (artifact id: '84d45c101a78c7c05c4004e4c3be5c0c') in 0.009091 seconds 
========================================================================
Received Import Request.
  Time since last request: 0.000045 seconds.
  path: Assets/school/Prefabs/props/board2_2 1.prefab
  artifactKey: Guid(fe495e6bdadd4254199eb7ad0b26898d) Importer(815301076,1909f56bfc062723c751e8b465ee728b)
Start importing Assets/school/Prefabs/props/board2_2 1.prefab using Guid(fe495e6bdadd4254199eb7ad0b26898d) Importer(815301076,1909f56bfc062723c751e8b465ee728b)  -> (artifact id: 'cb573dd2431873eb03d2826fc96b9ef1') in 0.010039 seconds 
========================================================================
Received Import Request.
  Time since last request: 0.000060 seconds.
  path: Assets/school/Prefabs/props/board2_2.prefab
  artifactKey: Guid(f16c1a01fe11a1c4499b6704e5007d33) Importer(815301076,1909f56bfc062723c751e8b465ee728b)
Start importing Assets/school/Prefabs/props/board2_2.prefab using Guid(f16c1a01fe11a1c4499b6704e5007d33) Importer(815301076,1909f56bfc062723c751e8b465ee728b)  -> (artifact id: '05d3383d43750c9633f34792b5960ed4') in 0.009660 seconds 
========================================================================
Received Import Request.
  Time since last request: 0.000086 seconds.
  path: Assets/school/Prefabs/props/a laptop.prefab
  artifactKey: Guid(ec15f5ae191975f4d8de236356aaec36) Importer(815301076,1909f56bfc062723c751e8b465ee728b)
Start importing Assets/school/Prefabs/props/a laptop.prefab using Guid(ec15f5ae191975f4d8de236356aaec36) Importer(815301076,1909f56bfc062723c751e8b465ee728b)  -> (artifact id: '98a56f29a544c488de7b565afda39149') in 0.011689 seconds 
========================================================================
Received Import Request.
  Time since last request: 0.000092 seconds.
  path: Assets/school/Prefabs/props/book12.prefab
  artifactKey: Guid(70c302f8c134149459c53486998e3785) Importer(815301076,1909f56bfc062723c751e8b465ee728b)
Start importing Assets/school/Prefabs/props/book12.prefab using Guid(70c302f8c134149459c53486998e3785) Importer(815301076,1909f56bfc062723c751e8b465ee728b)  -> (artifact id: 'fb085d5247b5406b9951c95f9e96cc2b') in 0.011031 seconds 
========================================================================
Received Import Request.
  Time since last request: 0.000075 seconds.
  path: Assets/school/Prefabs/props/sheet4.prefab
  artifactKey: Guid(2335e4e4480899f46aabd539af49b014) Importer(815301076,1909f56bfc062723c751e8b465ee728b)
Start importing Assets/school/Prefabs/props/sheet4.prefab using Guid(2335e4e4480899f46aabd539af49b014) Importer(815301076,1909f56bfc062723c751e8b465ee728b)  -> (artifact id: '508856a1e74a6068da3eb01830cfbf1e') in 0.015355 seconds 
========================================================================
Received Import Request.
  Time since last request: 0.000094 seconds.
  path: Assets/school/Prefabs/props/book7.prefab
  artifactKey: Guid(b4335bd599706fd488e027758d9ff789) Importer(815301076,1909f56bfc062723c751e8b465ee728b)
Start importing Assets/school/Prefabs/props/book7.prefab using Guid(b4335bd599706fd488e027758d9ff789) Importer(815301076,1909f56bfc062723c751e8b465ee728b)  -> (artifact id: '46ed4e4aaaaab24ababbfbc5c1e48a9e') in 0.014631 seconds 
========================================================================
Received Import Request.
  Time since last request: 0.000162 seconds.
  path: Assets/school/Prefabs/props/locker.prefab
  artifactKey: Guid(c2eb0536a6bbfb94590dc4ae7eb803da) Importer(815301076,1909f56bfc062723c751e8b465ee728b)
Start importing Assets/school/Prefabs/props/locker.prefab using Guid(c2eb0536a6bbfb94590dc4ae7eb803da) Importer(815301076,1909f56bfc062723c751e8b465ee728b)  -> (artifact id: '3bd1a37b18d636621606198d4e1cd350') in 0.018101 seconds 
========================================================================
Received Import Request.
  Time since last request: 0.000076 seconds.
  path: Assets/school/Prefabs/props/wall001.prefab
  artifactKey: Guid(7218b9728928b894eb1799b26af67733) Importer(815301076,1909f56bfc062723c751e8b465ee728b)
Start importing Assets/school/Prefabs/props/wall001.prefab using Guid(7218b9728928b894eb1799b26af67733) Importer(815301076,1909f56bfc062723c751e8b465ee728b)  -> (artifact id: '78695bc95192683d12774bc1e5e5105d') in 0.018744 seconds 
========================================================================
Received Import Request.
  Time since last request: 0.003297 seconds.
  path: Assets/school/Prefabs/props/locker2.prefab
  artifactKey: Guid(5c2334af47df6454c9e2eaadbfaa2cb0) Importer(815301076,1909f56bfc062723c751e8b465ee728b)
Start importing Assets/school/Prefabs/props/locker2.prefab using Guid(5c2334af47df6454c9e2eaadbfaa2cb0) Importer(815301076,1909f56bfc062723c751e8b465ee728b)  -> (artifact id: 'cbeb9bc8d382f91a145799305a2e8e9b') in 0.018613 seconds 
========================================================================
Received Import Request.
  Time since last request: 0.004160 seconds.
  path: Assets/school/Prefabs/props/board1.prefab
  artifactKey: Guid(883fda0b73369fe41bc2ed262338a937) Importer(815301076,1909f56bfc062723c751e8b465ee728b)
Start importing Assets/school/Prefabs/props/board1.prefab using Guid(883fda0b73369fe41bc2ed262338a937) Importer(815301076,1909f56bfc062723c751e8b465ee728b)  -> (artifact id: '01228dcc1eaa99aa67285ab8ae7e20d5') in 0.016435 seconds 
========================================================================
Received Import Request.
  Time since last request: 0.004585 seconds.
  path: Assets/school/Prefabs/props/projector.prefab
  artifactKey: Guid(832c4b3dc1fa4234a995fcbdcce28404) Importer(815301076,1909f56bfc062723c751e8b465ee728b)
Start importing Assets/school/Prefabs/props/projector.prefab using Guid(832c4b3dc1fa4234a995fcbdcce28404) Importer(815301076,1909f56bfc062723c751e8b465ee728b)  -> (artifact id: '286d4d64d1c05c6681ed53461849e667') in 0.016728 seconds 
========================================================================
Received Import Request.
  Time since last request: 0.003655 seconds.
  path: Assets/school/Prefabs/props/book6.prefab
  artifactKey: Guid(911f1ee2448dad14e8a9f895e1f5621e) Importer(815301076,1909f56bfc062723c751e8b465ee728b)
Start importing Assets/school/Prefabs/props/book6.prefab using Guid(911f1ee2448dad14e8a9f895e1f5621e) Importer(815301076,1909f56bfc062723c751e8b465ee728b)  -> (artifact id: '2a739eff8edac27d6a46d90b5fe18990') in 0.016345 seconds 
========================================================================
Received Import Request.
  Time since last request: 0.001406 seconds.
  path: Assets/school/Prefabs/props/sheet2.prefab
  artifactKey: Guid(8e7a095165f9b1042be929150f3913f0) Importer(815301076,1909f56bfc062723c751e8b465ee728b)
Start importing Assets/school/Prefabs/props/sheet2.prefab using Guid(8e7a095165f9b1042be929150f3913f0) Importer(815301076,1909f56bfc062723c751e8b465ee728b)  -> (artifact id: 'c77b9a8a2f2869479e2b0bd009875368') in 0.016817 seconds 
========================================================================
Received Import Request.
  Time since last request: 0.000410 seconds.
  path: Assets/school/Prefabs/props/rack.prefab
  artifactKey: Guid(4f9d36e206efd9c408c4487f1d8c65af) Importer(815301076,1909f56bfc062723c751e8b465ee728b)
Start importing Assets/school/Prefabs/props/rack.prefab using Guid(4f9d36e206efd9c408c4487f1d8c65af) Importer(815301076,1909f56bfc062723c751e8b465ee728b)  -> (artifact id: '591dc75262a1213bbff548ad43996012') in 0.014323 seconds 
========================================================================
Received Import Request.
  Time since last request: 0.000097 seconds.
  path: Assets/school/Prefabs/props/board2.prefab
  artifactKey: Guid(a5387be5615ab204780e8b46f7b3a16e) Importer(815301076,1909f56bfc062723c751e8b465ee728b)
Start importing Assets/school/Prefabs/props/board2.prefab using Guid(a5387be5615ab204780e8b46f7b3a16e) Importer(815301076,1909f56bfc062723c751e8b465ee728b)  -> (artifact id: 'b4d95e896b2b135b6c7a943729d021b4') in 0.014083 seconds 
========================================================================
Received Import Request.
  Time since last request: 0.000294 seconds.
  path: Assets/school/Prefabs/props/chair1.prefab
  artifactKey: Guid(991e8973513e2ad408232c1afeb3a9df) Importer(815301076,1909f56bfc062723c751e8b465ee728b)
Start importing Assets/school/Prefabs/props/chair1.prefab using Guid(991e8973513e2ad408232c1afeb3a9df) Importer(815301076,1909f56bfc062723c751e8b465ee728b)  -> (artifact id: '3163d46c9b41a1e74fed534816b9350a') in 0.014884 seconds 
========================================================================
Received Import Request.
  Time since last request: 0.000572 seconds.
  path: Assets/school/Prefabs/props/bus.prefab
  artifactKey: Guid(876481ee83f852b49901155a05d155d5) Importer(815301076,1909f56bfc062723c751e8b465ee728b)
Start importing Assets/school/Prefabs/props/bus.prefab using Guid(876481ee83f852b49901155a05d155d5) Importer(815301076,1909f56bfc062723c751e8b465ee728b)  -> (artifact id: '8ca32b86358556caf993c1bf1207851e') in 0.016759 seconds 
========================================================================
Received Import Request.
  Time since last request: 0.000086 seconds.
  path: Assets/school/Prefabs/props/computer.prefab
  artifactKey: Guid(95b7030fe576ba84e930b6af82eb2738) Importer(815301076,1909f56bfc062723c751e8b465ee728b)
Start importing Assets/school/Prefabs/props/computer.prefab using Guid(95b7030fe576ba84e930b6af82eb2738) Importer(815301076,1909f56bfc062723c751e8b465ee728b)  -> (artifact id: 'ff1b6da22f97b76752e657a9b41b0954') in 0.014393 seconds 
========================================================================
Received Import Request.
  Time since last request: 0.000202 seconds.
  path: Assets/school/Prefabs/props/fire.prefab
  artifactKey: Guid(9b95a03e0e9ba914da4f1c7fb5a46ab7) Importer(815301076,1909f56bfc062723c751e8b465ee728b)
Start importing Assets/school/Prefabs/props/fire.prefab using Guid(9b95a03e0e9ba914da4f1c7fb5a46ab7) Importer(815301076,1909f56bfc062723c751e8b465ee728b)  -> (artifact id: '6a10f02976e76a51d11113df4e02e868') in 0.015711 seconds 
========================================================================
Received Import Request.
  Time since last request: 0.000096 seconds.
  path: Assets/school/Prefabs/props/board2_2 (1).prefab
  artifactKey: Guid(a92085e8cbdc326489fbf320d2c745d4) Importer(815301076,1909f56bfc062723c751e8b465ee728b)
Start importing Assets/school/Prefabs/props/board2_2 (1).prefab using Guid(a92085e8cbdc326489fbf320d2c745d4) Importer(815301076,1909f56bfc062723c751e8b465ee728b)  -> (artifact id: '95fd56681e920fa135077b3fa9869005') in 0.014076 seconds 
========================================================================
Received Import Request.
  Time since last request: 0.000081 seconds.
  path: Assets/school/Prefabs/props/wall2.prefab
  artifactKey: Guid(935ba91ea5459eb4d8917d5e94bc3ddf) Importer(815301076,1909f56bfc062723c751e8b465ee728b)
Start importing Assets/school/Prefabs/props/wall2.prefab using Guid(935ba91ea5459eb4d8917d5e94bc3ddf) Importer(815301076,1909f56bfc062723c751e8b465ee728b)  -> (artifact id: '7c4163746e05d4026244c04d59c2b446') in 0.015415 seconds 
========================================================================
Received Import Request.
  Time since last request: 0.000068 seconds.
  path: Assets/school/Prefabs/props/book2.prefab
  artifactKey: Guid(72c1249698983ad4988f693663fa1e21) Importer(815301076,1909f56bfc062723c751e8b465ee728b)
Start importing Assets/school/Prefabs/props/book2.prefab using Guid(72c1249698983ad4988f693663fa1e21) Importer(815301076,1909f56bfc062723c751e8b465ee728b)  -> (artifact id: '9cb222477f700a1a04ce6a90bd756200') in 0.013930 seconds 
========================================================================
Received Import Request.
  Time since last request: 0.000093 seconds.
  path: Assets/school/Prefabs/props/book9.prefab
  artifactKey: Guid(d74135662f1cf2049b7ad36d7a117892) Importer(815301076,1909f56bfc062723c751e8b465ee728b)
Start importing Assets/school/Prefabs/props/book9.prefab using Guid(d74135662f1cf2049b7ad36d7a117892) Importer(815301076,1909f56bfc062723c751e8b465ee728b)  -> (artifact id: '282961bc223db258a02670be7db59de4') in 0.015075 seconds 
========================================================================
Received Import Request.
  Time since last request: 0.000107 seconds.
  path: Assets/school/Prefabs/props/table1.prefab
  artifactKey: Guid(006691b87ee6ce7429992a2a172ecf29) Importer(815301076,1909f56bfc062723c751e8b465ee728b)
Start importing Assets/school/Prefabs/props/table1.prefab using Guid(006691b87ee6ce7429992a2a172ecf29) Importer(815301076,1909f56bfc062723c751e8b465ee728b)  -> (artifact id: 'bc453c533d280fdf8574528ccdbd318c') in 0.014339 seconds 
========================================================================
Received Import Request.
  Time since last request: 0.000086 seconds.
  path: Assets/school/Prefabs/props/locker_3.prefab
  artifactKey: Guid(0480571cf64de034d9d908aa51157db8) Importer(815301076,1909f56bfc062723c751e8b465ee728b)
Start importing Assets/school/Prefabs/props/locker_3.prefab using Guid(0480571cf64de034d9d908aa51157db8) Importer(815301076,1909f56bfc062723c751e8b465ee728b)  -> (artifact id: '8a79c135c37e3a835df6b9536869d820') in 0.015918 seconds 
========================================================================
Received Import Request.
  Time since last request: 0.000178 seconds.
  path: Assets/school/Prefabs/props/wall4 (1).prefab
  artifactKey: Guid(288b229db858c114299d1bf70ffc95cd) Importer(815301076,1909f56bfc062723c751e8b465ee728b)
Start importing Assets/school/Prefabs/props/wall4 (1).prefab using Guid(288b229db858c114299d1bf70ffc95cd) Importer(815301076,1909f56bfc062723c751e8b465ee728b)  -> (artifact id: '9676d4f94fc30ea6f5c2e9684080261b') in 0.014547 seconds 
========================================================================
Received Import Request.
  Time since last request: 0.000100 seconds.
  path: Assets/school/Prefabs/props/locker_5.prefab
  artifactKey: Guid(a0fb9817dd6493340b32e1c86fadfc0b) Importer(815301076,1909f56bfc062723c751e8b465ee728b)
Start importing Assets/school/Prefabs/props/locker_5.prefab using Guid(a0fb9817dd6493340b32e1c86fadfc0b) Importer(815301076,1909f56bfc062723c751e8b465ee728b)  -> (artifact id: '3421d1ff75a2425e6961f425254fea05') in 0.015011 seconds 
========================================================================
Received Import Request.
  Time since last request: 0.000068 seconds.
  path: Assets/school/Prefabs/props/sheet.prefab
  artifactKey: Guid(9b19a44036ac44243a6c69a62bcfdbdf) Importer(815301076,1909f56bfc062723c751e8b465ee728b)
Start importing Assets/school/Prefabs/props/sheet.prefab using Guid(9b19a44036ac44243a6c69a62bcfdbdf) Importer(815301076,1909f56bfc062723c751e8b465ee728b)  -> (artifact id: '0259798df70d579498256cfb9167f757') in 0.017177 seconds 
========================================================================
Received Import Request.
  Time since last request: 0.000098 seconds.
  path: Assets/school/Prefabs/props/button.prefab
  artifactKey: Guid(97ae661c4f5ec684bb00f569e3b354b5) Importer(815301076,1909f56bfc062723c751e8b465ee728b)
Start importing Assets/school/Prefabs/props/button.prefab using Guid(97ae661c4f5ec684bb00f569e3b354b5) Importer(815301076,1909f56bfc062723c751e8b465ee728b)  -> (artifact id: 'dd78dfc1500cfbed778553ab538a1702') in 0.017481 seconds 
========================================================================
Received Import Request.
  Time since last request: 0.689970 seconds.
  path: Assets/school/Prefabs/road/doroga — krest.prefab
  artifactKey: Guid(bc6109ee673f0a244981c84f7b064a43) Importer(815301076,1909f56bfc062723c751e8b465ee728b)
Start importing Assets/school/Prefabs/road/doroga — krest.prefab using Guid(bc6109ee673f0a244981c84f7b064a43) Importer(815301076,1909f56bfc062723c751e8b465ee728b)  -> (artifact id: '62d3f252b7eae46a50f488e38063211e') in 0.010774 seconds 
========================================================================
Received Import Request.
  Time since last request: 0.000054 seconds.
  path: Assets/school/Prefabs/road/floor1.prefab
  artifactKey: Guid(be4105263a3576a4a9d8bb22a5f5ca29) Importer(815301076,1909f56bfc062723c751e8b465ee728b)
Start importing Assets/school/Prefabs/road/floor1.prefab using Guid(be4105263a3576a4a9d8bb22a5f5ca29) Importer(815301076,1909f56bfc062723c751e8b465ee728b)  -> (artifact id: 'd6f3c9595265f664e8db416faa217840') in 0.014294 seconds 
========================================================================
Received Import Request.
  Time since last request: 3.433197 seconds.
  path: Assets/school/road/doroga — krest.fbx
  artifactKey: Guid(df64657f50132d544870c1de38b5b3d6) Importer(815301076,1909f56bfc062723c751e8b465ee728b)
Start importing Assets/school/road/doroga — krest.fbx using Guid(df64657f50132d544870c1de38b5b3d6) Importer(815301076,1909f56bfc062723c751e8b465ee728b)  -> (artifact id: '7729a910b26b20e568919acf6538d997') in 0.096176 seconds 
========================================================================
Received Import Request.
  Time since last request: 0.000096 seconds.
  path: Assets/school/road/floor1.fbx
  artifactKey: Guid(02ba308bed5cd924d888de16aa13d884) Importer(815301076,1909f56bfc062723c751e8b465ee728b)
Start importing Assets/school/road/floor1.fbx using Guid(02ba308bed5cd924d888de16aa13d884) Importer(815301076,1909f56bfc062723c751e8b465ee728b)  -> (artifact id: 'b8dc356b1813daa0975705cb1adc4a55') in 0.020585 seconds 
========================================================================
Received Import Request.
  Time since last request: 389.704913 seconds.
  path: Assets/Resources/a door (1).prefab
  artifactKey: Guid(b1728a721f87443abafdfc397e91bdee) Importer(815301076,1909f56bfc062723c751e8b465ee728b)
Start importing Assets/Resources/a door (1).prefab using Guid(b1728a721f87443abafdfc397e91bdee) Importer(815301076,1909f56bfc062723c751e8b465ee728b)  -> (artifact id: 'e9e97ca236d315f9125c3872f265bc85') in 0.010947 seconds 
========================================================================
Received Import Request.
  Time since last request: 0.003089 seconds.
  path: Assets/Resources/locker_1.prefab
  artifactKey: Guid(8e08bc85072da449193430c0dac8e7ad) Importer(815301076,1909f56bfc062723c751e8b465ee728b)
Start importing Assets/Resources/locker_1.prefab using Guid(8e08bc85072da449193430c0dac8e7ad) Importer(815301076,1909f56bfc062723c751e8b465ee728b)  -> (artifact id: '37b617423ff779b470127be5a553aa4b') in 0.009319 seconds 
========================================================================
Received Import Request.
  Time since last request: 0.012668 seconds.
  path: Assets/Resources/locker1 (41).prefab
  artifactKey: Guid(c51bab5b217c3432785e229dbd99b57f) Importer(815301076,1909f56bfc062723c751e8b465ee728b)
Start importing Assets/Resources/locker1 (41).prefab using Guid(c51bab5b217c3432785e229dbd99b57f) Importer(815301076,1909f56bfc062723c751e8b465ee728b)  -> (artifact id: 'b7ef1274cb231f764d3d2d2b174d99b5') in 0.010173 seconds 
========================================================================
Received Import Request.
  Time since last request: 0.000076 seconds.
  path: Assets/Resources/locker1 (52).prefab
  artifactKey: Guid(09602e117154d4392825bf60c949cbe8) Importer(815301076,1909f56bfc062723c751e8b465ee728b)
Start importing Assets/Resources/locker1 (52).prefab using Guid(09602e117154d4392825bf60c949cbe8) Importer(815301076,1909f56bfc062723c751e8b465ee728b)  -> (artifact id: '2bdfc7892f046a4427cf02d3121658f3') in 0.011080 seconds 
========================================================================
Received Import Request.
  Time since last request: 0.010473 seconds.
  path: Assets/Resources/chair (18).prefab
  artifactKey: Guid(a4b0e6208b3f24e59aaf9bd8c3fc8049) Importer(815301076,1909f56bfc062723c751e8b465ee728b)
Start importing Assets/Resources/chair (18).prefab using Guid(a4b0e6208b3f24e59aaf9bd8c3fc8049) Importer(815301076,1909f56bfc062723c751e8b465ee728b)  -> (artifact id: '09f628ffa9b6e76242d82e50a96b8572') in 0.013713 seconds 
========================================================================
Received Import Request.
  Time since last request: 0.000084 seconds.
  path: Assets/Resources/chair (11).prefab
  artifactKey: Guid(cefdd903f6aac475495ee337e5ab273e) Importer(815301076,1909f56bfc062723c751e8b465ee728b)
Start importing Assets/Resources/chair (11).prefab using Guid(cefdd903f6aac475495ee337e5ab273e) Importer(815301076,1909f56bfc062723c751e8b465ee728b)  -> (artifact id: 'e3f7c6966bf1d17add12c7f67745f275') in 0.012889 seconds 
========================================================================
Received Import Request.
  Time since last request: 0.008365 seconds.
  path: Assets/Resources/locker1 (20).prefab
  artifactKey: Guid(af1f26b06355e4e42812fda437543750) Importer(815301076,1909f56bfc062723c751e8b465ee728b)
Start importing Assets/Resources/locker1 (20).prefab using Guid(af1f26b06355e4e42812fda437543750) Importer(815301076,1909f56bfc062723c751e8b465ee728b)  -> (artifact id: 'f305a7e1cbe12746b0728326a9d2ce12') in 0.013730 seconds 
========================================================================
Received Import Request.
  Time since last request: 0.004384 seconds.
  path: Assets/Resources/locker_3 (3).prefab
  artifactKey: Guid(9ee1ca24d444c46f4ad00b0c9248657b) Importer(815301076,1909f56bfc062723c751e8b465ee728b)
Start importing Assets/Resources/locker_3 (3).prefab using Guid(9ee1ca24d444c46f4ad00b0c9248657b) Importer(815301076,1909f56bfc062723c751e8b465ee728b)  -> (artifact id: '75fc65176c7fe04bf121ef927b3104c0') in 0.014105 seconds 
========================================================================
Received Import Request.
  Time since last request: 0.005622 seconds.
  path: Assets/Resources/locker2 (3).prefab
  artifactKey: Guid(ddbff1a44dbf841aaa4b31f932352862) Importer(815301076,1909f56bfc062723c751e8b465ee728b)
Start importing Assets/Resources/locker2 (3).prefab using Guid(ddbff1a44dbf841aaa4b31f932352862) Importer(815301076,1909f56bfc062723c751e8b465ee728b)  -> (artifact id: '2cb30766f2e475f8e14579f3652f8985') in 0.013293 seconds 
========================================================================
Received Import Request.
  Time since last request: 0.000509 seconds.
  path: Assets/Resources/locker1 (18).prefab
  artifactKey: Guid(8c0bbfc5ef817409bbae8dd7c0f9d4ea) Importer(815301076,1909f56bfc062723c751e8b465ee728b)
Start importing Assets/Resources/locker1 (18).prefab using Guid(8c0bbfc5ef817409bbae8dd7c0f9d4ea) Importer(815301076,1909f56bfc062723c751e8b465ee728b)  -> (artifact id: '892e50db21d1e77a53a6295abf68e6da') in 0.012565 seconds 
========================================================================
Received Import Request.
  Time since last request: 0.016707 seconds.
  path: Assets/Resources/locker_2.prefab
  artifactKey: Guid(876aa23343c9a4511a632fa2360621ce) Importer(815301076,1909f56bfc062723c751e8b465ee728b)
Start importing Assets/Resources/locker_2.prefab using Guid(876aa23343c9a4511a632fa2360621ce) Importer(815301076,1909f56bfc062723c751e8b465ee728b)  -> (artifact id: 'c97ec25f8b63424f2cd7afccf564556b') in 0.013416 seconds 
========================================================================
Received Import Request.
  Time since last request: 0.000078 seconds.
  path: Assets/Resources/chair (14).prefab
  artifactKey: Guid(4766cf103bc4a4de2bec02e5694b782d) Importer(815301076,1909f56bfc062723c751e8b465ee728b)
Start importing Assets/Resources/chair (14).prefab using Guid(4766cf103bc4a4de2bec02e5694b782d) Importer(815301076,1909f56bfc062723c751e8b465ee728b)  -> (artifact id: 'a405d066ddd8fd78e7e988778c612357') in 0.011917 seconds 
========================================================================
Received Import Request.
  Time since last request: 0.000063 seconds.
  path: Assets/Resources/computer3 (2).prefab
  artifactKey: Guid(c79a4d05c474b4b759e6910b2e50515d) Importer(815301076,1909f56bfc062723c751e8b465ee728b)
Start importing Assets/Resources/computer3 (2).prefab using Guid(c79a4d05c474b4b759e6910b2e50515d) Importer(815301076,1909f56bfc062723c751e8b465ee728b)  -> (artifact id: '7157e0e96b3faf48733d0b72ce28816d') in 0.012849 seconds 
========================================================================
Received Import Request.
  Time since last request: 0.000138 seconds.
  path: Assets/Resources/locker_2 (3).prefab
  artifactKey: Guid(65e821911f35f486db63801a0fe9c3b4) Importer(815301076,1909f56bfc062723c751e8b465ee728b)
Start importing Assets/Resources/locker_2 (3).prefab using Guid(65e821911f35f486db63801a0fe9c3b4) Importer(815301076,1909f56bfc062723c751e8b465ee728b)  -> (artifact id: 'f2744208e2735a151b663060adb39ed5') in 0.012104 seconds 
========================================================================
Received Import Request.
  Time since last request: 0.000103 seconds.
  path: Assets/Resources/locker1 (48).prefab
  artifactKey: Guid(54a217794358d4cb4894c217fc743e36) Importer(815301076,1909f56bfc062723c751e8b465ee728b)
Start importing Assets/Resources/locker1 (48).prefab using Guid(54a217794358d4cb4894c217fc743e36) Importer(815301076,1909f56bfc062723c751e8b465ee728b)  -> (artifact id: 'd9822508dc7c809fc7f916ac52d553fc') in 0.012700 seconds 
========================================================================
Received Import Request.
  Time since last request: 0.012023 seconds.
  path: Assets/Resources/computer1 (2).prefab
  artifactKey: Guid(c932c180eab3b4789b959817e2ee222d) Importer(815301076,1909f56bfc062723c751e8b465ee728b)
Start importing Assets/Resources/computer1 (2).prefab using Guid(c932c180eab3b4789b959817e2ee222d) Importer(815301076,1909f56bfc062723c751e8b465ee728b)  -> (artifact id: '97d33f88a164822cb7a0aff7d1840ac3') in 0.012782 seconds 
========================================================================
Received Import Request.
  Time since last request: 0.009282 seconds.
  path: Assets/Resources/locker1 (23).prefab
  artifactKey: Guid(0e760894cb1094f2d80b12775fadfa87) Importer(815301076,1909f56bfc062723c751e8b465ee728b)
Start importing Assets/Resources/locker1 (23).prefab using Guid(0e760894cb1094f2d80b12775fadfa87) Importer(815301076,1909f56bfc062723c751e8b465ee728b)  -> (artifact id: 'b1f4ce2f04ce073a79dde1b70bb8a352') in 0.010654 seconds 
========================================================================
Received Import Request.
  Time since last request: 0.029750 seconds.
  path: Assets/Resources/chair (12).prefab
  artifactKey: Guid(24796ef74e7404cc68ce29793137ee11) Importer(815301076,1909f56bfc062723c751e8b465ee728b)
Start importing Assets/Resources/chair (12).prefab using Guid(24796ef74e7404cc68ce29793137ee11) Importer(815301076,1909f56bfc062723c751e8b465ee728b)  -> (artifact id: '4fc20ca09ef5b88278b2978298f060bb') in 0.010036 seconds 
========================================================================
Received Import Request.
  Time since last request: 0.004040 seconds.
  path: Assets/Resources/locker_3 (1).prefab
  artifactKey: Guid(af340d603cb1d495089631f04dce8e5a) Importer(815301076,1909f56bfc062723c751e8b465ee728b)
Start importing Assets/Resources/locker_3 (1).prefab using Guid(af340d603cb1d495089631f04dce8e5a) Importer(815301076,1909f56bfc062723c751e8b465ee728b)  -> (artifact id: 'dddeb67efe9253820f9163239d828471') in 0.013057 seconds 
========================================================================
Received Import Request.
  Time since last request: 0.000083 seconds.
  path: Assets/Resources/locker (1).prefab
  artifactKey: Guid(2f55556481e3945e58cdc3018d5e5c99) Importer(815301076,1909f56bfc062723c751e8b465ee728b)
Start importing Assets/Resources/locker (1).prefab using Guid(2f55556481e3945e58cdc3018d5e5c99) Importer(815301076,1909f56bfc062723c751e8b465ee728b)  -> (artifact id: 'f95373f3a2036c745f1763a5aaa9f82a') in 0.009865 seconds 
========================================================================
Received Import Request.
  Time since last request: 0.020670 seconds.
  path: Assets/Resources/locker1 (19).prefab
  artifactKey: Guid(b95007e8e3d074701b001c703342c2cc) Importer(815301076,1909f56bfc062723c751e8b465ee728b)
Start importing Assets/Resources/locker1 (19).prefab using Guid(b95007e8e3d074701b001c703342c2cc) Importer(815301076,1909f56bfc062723c751e8b465ee728b)  -> (artifact id: '882e36b51d1539920ca2d7a5fb27f976') in 0.009849 seconds 
========================================================================
Received Import Request.
  Time since last request: 0.000065 seconds.
  path: Assets/Resources/locker_2 (2).prefab
  artifactKey: Guid(f67b3d506d8664cf09e45f823361e234) Importer(815301076,1909f56bfc062723c751e8b465ee728b)
Start importing Assets/Resources/locker_2 (2).prefab using Guid(f67b3d506d8664cf09e45f823361e234) Importer(815301076,1909f56bfc062723c751e8b465ee728b)  -> (artifact id: 'a6a3815bf6fe6d172cd4c1bc63ce47dd') in 0.010127 seconds 
========================================================================
Received Import Request.
  Time since last request: 0.000082 seconds.
  path: Assets/Resources/board1.prefab
  artifactKey: Guid(9f70b6afca099445e9c391d3f0dbbbf3) Importer(815301076,1909f56bfc062723c751e8b465ee728b)
Start importing Assets/Resources/board1.prefab using Guid(9f70b6afca099445e9c391d3f0dbbbf3) Importer(815301076,1909f56bfc062723c751e8b465ee728b)  -> (artifact id: '0d676f29e7aeb126d2f0235a6eb1fe09') in 0.011990 seconds 
========================================================================
Received Import Request.
  Time since last request: 0.000080 seconds.
  path: Assets/Resources/locker_2 (1).prefab
  artifactKey: Guid(f57b8a7efc95a4a15b0ec29141cb7034) Importer(815301076,1909f56bfc062723c751e8b465ee728b)
Start importing Assets/Resources/locker_2 (1).prefab using Guid(f57b8a7efc95a4a15b0ec29141cb7034) Importer(815301076,1909f56bfc062723c751e8b465ee728b)  -> (artifact id: 'dbd2303b5d3e95ca5a36360fddbc2881') in 0.011065 seconds 
========================================================================
Received Import Request.
  Time since last request: 0.000075 seconds.
  path: Assets/Resources/locker1 (22).prefab
  artifactKey: Guid(fc263b1afa1c74d63a1819e433cf8dcf) Importer(815301076,1909f56bfc062723c751e8b465ee728b)
Start importing Assets/Resources/locker1 (22).prefab using Guid(fc263b1afa1c74d63a1819e433cf8dcf) Importer(815301076,1909f56bfc062723c751e8b465ee728b)  -> (artifact id: '8397a08d3e18bce332c5d616a094d037') in 0.011697 seconds 
========================================================================
Received Import Request.
  Time since last request: 0.000097 seconds.
  path: Assets/Resources/locker1 (49).prefab
  artifactKey: Guid(a0f698afefddd44318676d207b9058a7) Importer(815301076,1909f56bfc062723c751e8b465ee728b)
Start importing Assets/Resources/locker1 (49).prefab using Guid(a0f698afefddd44318676d207b9058a7) Importer(815301076,1909f56bfc062723c751e8b465ee728b)  -> (artifact id: 'c30bca2495c99e9c3b1a24e1bae4f6ad') in 0.010629 seconds 
========================================================================
Received Import Request.
  Time since last request: 0.000097 seconds.
  path: Assets/Resources/locker2 (5).prefab
  artifactKey: Guid(699dbd4f5242c4813879254295d678ef) Importer(815301076,1909f56bfc062723c751e8b465ee728b)
Start importing Assets/Resources/locker2 (5).prefab using Guid(699dbd4f5242c4813879254295d678ef) Importer(815301076,1909f56bfc062723c751e8b465ee728b)  -> (artifact id: '7786e3e84e1241ce8eb77b244b667f03') in 0.015145 seconds 
========================================================================
Received Import Request.
  Time since last request: 0.000074 seconds.
  path: Assets/Resources/locker1 (51).prefab
  artifactKey: Guid(cf351bd6e11db436bafb49721b355041) Importer(815301076,1909f56bfc062723c751e8b465ee728b)
Start importing Assets/Resources/locker1 (51).prefab using Guid(cf351bd6e11db436bafb49721b355041) Importer(815301076,1909f56bfc062723c751e8b465ee728b)  -> (artifact id: 'bab769a581f79cd98d0f36a4f3afb9ea') in 0.011680 seconds 
========================================================================
Received Import Request.
  Time since last request: 0.000081 seconds.
  path: Assets/Resources/locker1 (50).prefab
  artifactKey: Guid(b507d572e04fe4b95a80197b7434b0dc) Importer(815301076,1909f56bfc062723c751e8b465ee728b)
Start importing Assets/Resources/locker1 (50).prefab using Guid(b507d572e04fe4b95a80197b7434b0dc) Importer(815301076,1909f56bfc062723c751e8b465ee728b)  -> (artifact id: 'ee5ec539d53d76a112b06ed06d662183') in 0.012316 seconds 
========================================================================
Received Import Request.
  Time since last request: 0.000097 seconds.
  path: Assets/Resources/locker_3.prefab
  artifactKey: Guid(72ecd888084164ce7aa66f720b8ebd34) Importer(815301076,1909f56bfc062723c751e8b465ee728b)
Start importing Assets/Resources/locker_3.prefab using Guid(72ecd888084164ce7aa66f720b8ebd34) Importer(815301076,1909f56bfc062723c751e8b465ee728b)  -> (artifact id: 'fdf0ffffa76f76e27de8c94ce56709fe') in 0.011570 seconds 
AssetImportWorkerClient::OnTransportError - code=2 error=End of file
