Unity Editor version:    2021.3.9f1 (ad3870b89536)
Branch:                  2021.3/staging
Build type:              Release
Batch mode:              YES
macOS version:           Version 12.5.1 (Build 21G83)
Darwin version:          21.6.0
Architecture:            arm64
Running under Rosetta:   NO
Available memory:        16384 MB
Using pre-set license
Pro License: YES

COMMAND LINE ARGUMENTS:
/Applications/Unity/Hub/Editor/2021.3.9f1/Unity.app/Contents/MacOS/Unity
-adb2
-batchMode
-noUpm
-name
AssetImportWorker1
-projectPath
/Users/choijoohee/Desktop/SSAFY/특화프로젝트/Hugging
-logFile
Logs/AssetImportWorker1.log
-srvPort
51455
Successfully changed project path to: /Users/choijoohee/Desktop/SSAFY/특화프로젝트/Hugging
/Users/choijoohee/Desktop/SSAFY/특화프로젝트/Hugging
[UnityMemory] Configuration Parameters - Can be set up in boot.config
    "memorysetup-bucket-allocator-granularity=16"
    "memorysetup-bucket-allocator-bucket-count=8"
    "memorysetup-bucket-allocator-block-size=33554432"
    "memorysetup-bucket-allocator-block-count=8"
    "memorysetup-main-allocator-block-size=16777216"
    "memorysetup-thread-allocator-block-size=16777216"
    "memorysetup-gfx-main-allocator-block-size=16777216"
    "memorysetup-gfx-thread-allocator-block-size=16777216"
    "memorysetup-cache-allocator-block-size=4194304"
    "memorysetup-typetree-allocator-block-size=2097152"
    "memorysetup-profiler-bucket-allocator-granularity=16"
    "memorysetup-profiler-bucket-allocator-bucket-count=8"
    "memorysetup-profiler-bucket-allocator-block-size=33554432"
    "memorysetup-profiler-bucket-allocator-block-count=8"
    "memorysetup-profiler-allocator-block-size=16777216"
    "memorysetup-profiler-editor-allocator-block-size=1048576"
    "memorysetup-temp-allocator-size-main=16777216"
    "memorysetup-job-temp-allocator-block-size=2097152"
    "memorysetup-job-temp-allocator-block-size-background=1048576"
    "memorysetup-job-temp-allocator-reduction-small-platforms=262144"
    "memorysetup-temp-allocator-size-background-worker=32768"
    "memorysetup-temp-allocator-size-job-worker=262144"
    "memorysetup-temp-allocator-size-preload-manager=33554432"
    "memorysetup-temp-allocator-size-nav-mesh-worker=65536"
    "memorysetup-temp-allocator-size-audio-worker=65536"
    "memorysetup-temp-allocator-size-cloud-worker=32768"
    "memorysetup-temp-allocator-size-gi-baking-worker=262144"
    "memorysetup-temp-allocator-size-gfx=262144"
Refreshing native plugins compatible for Editor in 200.86 ms, found 2 plugins.
Preloading 0 native plugins for Editor in 0.00 ms.
Initialize engine version: 2021.3.9f1 (ad3870b89536)
[Subsystems] Discovering subsystems at path /Applications/Unity/Hub/Editor/2021.3.9f1/Unity.app/Contents/Resources/UnitySubsystems
[Subsystems] Discovering subsystems at path /Users/choijoohee/Desktop/SSAFY/특화프로젝트/Hugging/Assets
GfxDevice: creating device client; threaded=0; jobified=0
 preferred device: Apple M1 (high power)
Metal devices available: 1
0: Apple M1 (high power)
Using device Apple M1 (high power)
Initializing Metal device caps: Apple M1
Initialize mono
Mono path[0] = '/Applications/Unity/Hub/Editor/2021.3.9f1/Unity.app/Contents/Managed'
Mono path[1] = '/Applications/Unity/Hub/Editor/2021.3.9f1/Unity.app/Contents/MonoBleedingEdge/lib/mono/unityjit-macos'
Mono config path = '/Applications/Unity/Hub/Editor/2021.3.9f1/Unity.app/Contents/MonoBleedingEdge/etc'
Using monoOptions --debugger-agent=transport=dt_socket,embedding=1,server=y,suspend=n,address=127.0.0.1:56893
Begin MonoManager ReloadAssembly
Registering precompiled unity dll's ...
Register platform support module: /Applications/Unity/Hub/Editor/2021.3.9f1/PlaybackEngines/WebGLSupport/UnityEditor.WebGL.Extensions.dll
Register platform support module: /Applications/Unity/Hub/Editor/2021.3.9f1/Unity.app/Contents/PlaybackEngines/MacStandaloneSupport/UnityEditor.OSXStandalone.Extensions.dll
Register platform support module: /Applications/Unity/Hub/Editor/2021.3.9f1/PlaybackEngines/AndroidPlayer/UnityEditor.Android.Extensions.dll
Registered in 0.002799 seconds.
Native extension for Android target not found
Native extension for OSXStandalone target not found
Native extension for WebGL target not found
Refreshing native plugins compatible for Editor in 216.55 ms, found 2 plugins.
Preloading 0 native plugins for Editor in 0.00 ms.
Mono: successfully reloaded assembly
- Completed reload, in  1.063 seconds
Domain Reload Profiling:
	ReloadAssembly (1063ms)
		BeginReloadAssembly (75ms)
			ExecutionOrderSort (0ms)
			DisableScriptedObjects (0ms)
			BackupInstance (0ms)
			ReleaseScriptingObjects (0ms)
			CreateAndSetChildDomain (1ms)
		EndReloadAssembly (830ms)
			LoadAssemblies (74ms)
			RebuildTransferFunctionScriptingTraits (0ms)
			SetupTypeCache (194ms)
			ReleaseScriptCaches (0ms)
			RebuildScriptCaches (61ms)
			SetupLoadedEditorAssemblies (494ms)
				LogAssemblyErrors (0ms)
				InitializePlatformSupportModulesInManaged (70ms)
				SetLoadedEditorAssemblies (0ms)
				RefreshPlugins (217ms)
				BeforeProcessingInitializeOnLoad (2ms)
				ProcessInitializeOnLoadAttributes (151ms)
				ProcessInitializeOnLoadMethodAttributes (54ms)
				AfterProcessingInitializeOnLoad (0ms)
				EditorAssembliesLoaded (0ms)
			ExecutionOrderSort2 (0ms)
			AwakeInstancesAfterBackupRestoration (0ms)
Platform modules already initialized, skipping
Registering precompiled user dll's ...
Registered in 0.003831 seconds.
Begin MonoManager ReloadAssembly
Symbol file LoadedFromMemory doesn't match image /Users/choijoohee/Desktop/SSAFY/특화프로젝트/Hugging/Library/PackageCache/com.unity.visualscripting@1.7.8/Editor/VisualScripting.Core/Dependencies/YamlDotNet/Unity.VisualScripting.YamlDotNet.dll
Symbol file LoadedFromMemory doesn't match image /Users/choijoohee/Desktop/SSAFY/특화프로젝트/Hugging/Library/PackageCache/com.unity.visualscripting@1.7.8/Editor/VisualScripting.Core/Dependencies/DotNetZip/Unity.VisualScripting.IonicZip.dll
Native extension for Android target not found
Native extension for OSXStandalone target not found
Native extension for WebGL target not found
Refreshing native plugins compatible for Editor in 0.72 ms, found 2 plugins.
Preloading 0 native plugins for Editor in 0.00 ms.
Mono: successfully reloaded assembly
- Completed reload, in  1.572 seconds
Domain Reload Profiling:
	ReloadAssembly (1573ms)
		BeginReloadAssembly (138ms)
			ExecutionOrderSort (0ms)
			DisableScriptedObjects (8ms)
			BackupInstance (0ms)
			ReleaseScriptingObjects (0ms)
			CreateAndSetChildDomain (29ms)
		EndReloadAssembly (1249ms)
			LoadAssemblies (78ms)
			RebuildTransferFunctionScriptingTraits (0ms)
			SetupTypeCache (457ms)
			ReleaseScriptCaches (1ms)
			RebuildScriptCaches (86ms)
			SetupLoadedEditorAssemblies (567ms)
				LogAssemblyErrors (0ms)
				InitializePlatformSupportModulesInManaged (16ms)
				SetLoadedEditorAssemblies (1ms)
				RefreshPlugins (1ms)
				BeforeProcessingInitializeOnLoad (145ms)
				ProcessInitializeOnLoadAttributes (366ms)
				ProcessInitializeOnLoadMethodAttributes (37ms)
				AfterProcessingInitializeOnLoad (1ms)
				EditorAssembliesLoaded (0ms)
			ExecutionOrderSort2 (0ms)
			AwakeInstancesAfterBackupRestoration (4ms)
Platform modules already initialized, skipping
========================================================================
Worker process is ready to serve import requests
Launching external process: /Applications/Unity/Hub/Editor/2021.3.9f1/Unity.app/Contents/Tools/UnityShaderCompiler
Launched and connected shader compiler UnityShaderCompiler after 0.12 seconds
Refreshing native plugins compatible for Editor in 0.68 ms, found 2 plugins.
Preloading 0 native plugins for Editor in 0.00 ms.
Unloading 3606 Unused Serialized files (Serialized files now loaded: 0)
Unloading 33 unused Assets / (94.5 KB). Loaded Objects now: 4061.
Memory consumption went from 245.6 MB to 245.5 MB.
Total: 4.429542 ms (FindLiveObjects: 0.168166 ms CreateObjectMapping: 0.096542 ms MarkObjects: 4.043959 ms  DeleteObjects: 0.119458 ms)

AssetImportParameters requested are different than current active one (requested -> active):
  custom:video-decoder-ogg-theora: a1e56fd34408186e4bbccfd4996cb3dc -> 
  custom:container-muxer-webm: aa71ff27fc2769a1b78a27578f13a17b -> 
  custom:container-demuxer-webm: 4f35f7cbe854078d1ac9338744f61a02 -> 
  custom:video-encoder-webm-vp8: eb34c28f22e8b96e1ab97ce403110664 -> 
  custom:framework-osx-AVFoundation: e770b220cccbd017edd2c1fefb359320 -> 
  custom:audio-encoder-webm-vorbis: bf7c407c2cedff20999df2af8eb42d56 -> 
  custom:container-demuxer-ogg: 62fdf1f143b41e24485cea50d1cbac27 -> 
  custom:video-decoder-webm-vp8: 9c59270c3fd7afecdb556c50c9e8de78 -> 
  custom:audio-decoder-ogg-vorbis: bf7c407c2cedff20999df2af8eb42d56 -> 
========================================================================
Received Import Request.
  Time since last request: 10973.623172 seconds.
  path: Assets/Resources/locker_4 (1).prefab
  artifactKey: Guid(6d6f4f67f190248cfa1f7c9e0a5917de) Importer(815301076,1909f56bfc062723c751e8b465ee728b)
Start importing Assets/Resources/locker_4 (1).prefab using Guid(6d6f4f67f190248cfa1f7c9e0a5917de) Importer(815301076,1909f56bfc062723c751e8b465ee728b)  -> (artifact id: '4171db0398c90961c48ebf8348ff2e61') in 0.170236 seconds 
========================================================================
Received Import Request.
  Time since last request: 0.000087 seconds.
  path: Assets/Resources/wall4 (22).prefab
  artifactKey: Guid(7d9351d3db1f943bda7e88d6050d1e19) Importer(815301076,1909f56bfc062723c751e8b465ee728b)
Start importing Assets/Resources/wall4 (22).prefab using Guid(7d9351d3db1f943bda7e88d6050d1e19) Importer(815301076,1909f56bfc062723c751e8b465ee728b)  -> (artifact id: 'f0e4a109f525f80d56affec7399b6762') in 0.010470 seconds 
========================================================================
Received Import Request.
  Time since last request: 0.000081 seconds.
  path: Assets/Resources/wall2 (19).prefab
  artifactKey: Guid(9077b2750b7ff4ffdbdf4ca90a530ddc) Importer(815301076,1909f56bfc062723c751e8b465ee728b)
Start importing Assets/Resources/wall2 (19).prefab using Guid(9077b2750b7ff4ffdbdf4ca90a530ddc) Importer(815301076,1909f56bfc062723c751e8b465ee728b)  -> (artifact id: '7b946afef40cd14a362558682a48e8fd') in 0.010330 seconds 
========================================================================
Received Import Request.
  Time since last request: 0.000085 seconds.
  path: Assets/Resources/speaker (3).prefab
  artifactKey: Guid(a91229e37f9f14db3a3f6211c3d3f825) Importer(815301076,1909f56bfc062723c751e8b465ee728b)
Start importing Assets/Resources/speaker (3).prefab using Guid(a91229e37f9f14db3a3f6211c3d3f825) Importer(815301076,1909f56bfc062723c751e8b465ee728b)  -> (artifact id: 'ee2073768ff23b715960b9c65e4ccb5b') in 0.010825 seconds 
========================================================================
Received Import Request.
  Time since last request: 0.000074 seconds.
  path: Assets/Resources/wall4 (10).prefab
  artifactKey: Guid(8b9fdf56bc84848049a5585b605861e3) Importer(815301076,1909f56bfc062723c751e8b465ee728b)
Start importing Assets/Resources/wall4 (10).prefab using Guid(8b9fdf56bc84848049a5585b605861e3) Importer(815301076,1909f56bfc062723c751e8b465ee728b)  -> (artifact id: '3ce89cf934475a6b812fda13407e51f2') in 0.009943 seconds 
========================================================================
Received Import Request.
  Time since last request: 0.000079 seconds.
  path: Assets/Resources/table1 (2).prefab
  artifactKey: Guid(84625305ca10e41bea401ce8157aa5da) Importer(815301076,1909f56bfc062723c751e8b465ee728b)
Start importing Assets/Resources/table1 (2).prefab using Guid(84625305ca10e41bea401ce8157aa5da) Importer(815301076,1909f56bfc062723c751e8b465ee728b)  -> (artifact id: '14b3511d3e6245911f2323fc6264cc7e') in 0.010016 seconds 
========================================================================
Received Import Request.
  Time since last request: 0.000083 seconds.
  path: Assets/Resources/speaker (4).prefab
  artifactKey: Guid(9271741308c50401ca07a3a2afea4f35) Importer(815301076,1909f56bfc062723c751e8b465ee728b)
Start importing Assets/Resources/speaker (4).prefab using Guid(9271741308c50401ca07a3a2afea4f35) Importer(815301076,1909f56bfc062723c751e8b465ee728b)  -> (artifact id: 'f5ce4b0d264b717ad6fafb7eac63d9a5') in 0.011024 seconds 
========================================================================
Received Import Request.
  Time since last request: 0.000077 seconds.
  path: Assets/Resources/table1 (4).prefab
  artifactKey: Guid(205740d250f6b452aad9fc0b263ba663) Importer(815301076,1909f56bfc062723c751e8b465ee728b)
Start importing Assets/Resources/table1 (4).prefab using Guid(205740d250f6b452aad9fc0b263ba663) Importer(815301076,1909f56bfc062723c751e8b465ee728b)  -> (artifact id: '90eebd8949806ec027bd42884dcf511d') in 0.010010 seconds 
========================================================================
Received Import Request.
  Time since last request: 0.000114 seconds.
  path: Assets/Resources/table1.prefab
  artifactKey: Guid(bafd46934f1ad43b0b02f31660d33df7) Importer(815301076,1909f56bfc062723c751e8b465ee728b)
Start importing Assets/Resources/table1.prefab using Guid(bafd46934f1ad43b0b02f31660d33df7) Importer(815301076,1909f56bfc062723c751e8b465ee728b)  -> (artifact id: '99878de576bf95238a85a071cabd2dd3') in 0.010135 seconds 
========================================================================
Received Import Request.
  Time since last request: 0.000083 seconds.
  path: Assets/Resources/GameObject (2).prefab
  artifactKey: Guid(1bb54b6aa23784eb6aa575aebc88763f) Importer(815301076,1909f56bfc062723c751e8b465ee728b)
Start importing Assets/Resources/GameObject (2).prefab using Guid(1bb54b6aa23784eb6aa575aebc88763f) Importer(815301076,1909f56bfc062723c751e8b465ee728b)  -> (artifact id: '86983f1fc6dc64fca88483085ec81f2f') in 0.036517 seconds 
========================================================================
Received Import Request.
  Time since last request: 0.000083 seconds.
  path: Assets/Resources/locker_5 (1).prefab
  artifactKey: Guid(a84e9b935137b4efaa52de6a032de3f8) Importer(815301076,1909f56bfc062723c751e8b465ee728b)
Start importing Assets/Resources/locker_5 (1).prefab using Guid(a84e9b935137b4efaa52de6a032de3f8) Importer(815301076,1909f56bfc062723c751e8b465ee728b)  -> (artifact id: '13582a2b3451808c9adafdea0ab32975') in 0.011930 seconds 
